---------------------------------------------------------------
[ 2017-07-07T19:17:51+08:00 ] 127.0.0.1 127.0.0.1 GET /index/index/index
[ info ] nunu.com/index/index/index [运行时间：0.043002s][吞吐率：23.25req/s] [内存消耗：1,839.14kb] [文件加载：39]
[ info ] [ LANG ] D:\xampp\htdocs\ImoocNuomi\Nunu\project\thinkphp\lang\zh-cn.php
[ info ] [ ROUTE ] array (
  'type' => 'module',
  'module' => 
  array (
    0 => 'index',
    1 => 'index',
    2 => 'index',
  ),
)
[ info ] [ HEADER ] array (
  'host' => 'nunu.com',
  'connection' => 'keep-alive',
  'cache-control' => 'max-age=0',
  'upgrade-insecure-requests' => '1',
  'user-agent' => 'Mozilla/5.0 (Windows NT 6.1; Win64; x64) AppleWebKit/537.36 (KHTML, like Gecko) Chrome/59.0.3071.86 Safari/537.36',
  'accept' => 'text/html,application/xhtml+xml,application/xml;q=0.9,image/webp,image/apng,*/*;q=0.8',
  'accept-encoding' => 'gzip, deflate',
  'accept-language' => 'zh-CN,zh;q=0.8,en;q=0.6,zh-TW;q=0.4',
)
[ info ] [ PARAM ] array (
)
[ info ] [ RUN ] app\index\controller\Index->index[ D:\xampp\htdocs\ImoocNuomi\Nunu\project\application\index\controller\Index.php ]
[ info ] [ VIEW ] D:\xampp\htdocs\ImoocNuomi\Nunu\project\public/../application/index\view\index\index.html [ array (
) ]
[ info ] [ LOG ] INIT File
---------------------------------------------------------------
[ 2017-07-07T19:18:16+08:00 ] 127.0.0.1 127.0.0.1 GET /index/index/index
[ info ] nunu.com/index/index/index [运行时间：0.032002s][吞吐率：31.25req/s] [内存消耗：1,529.89kb] [文件加载：37]
[ info ] [ LANG ] D:\xampp\htdocs\ImoocNuomi\Nunu\project\thinkphp\lang\zh-cn.php
[ info ] [ ROUTE ] array (
  'type' => 'module',
  'module' => 
  array (
    0 => 'index',
    1 => 'index',
    2 => 'index',
  ),
)
[ info ] [ HEADER ] array (
  'host' => 'nunu.com',
  'connection' => 'keep-alive',
  'cache-control' => 'max-age=0',
  'upgrade-insecure-requests' => '1',
  'user-agent' => 'Mozilla/5.0 (Windows NT 6.1; Win64; x64) AppleWebKit/537.36 (KHTML, like Gecko) Chrome/59.0.3071.86 Safari/537.36',
  'accept' => 'text/html,application/xhtml+xml,application/xml;q=0.9,image/webp,image/apng,*/*;q=0.8',
  'accept-encoding' => 'gzip, deflate',
  'accept-language' => 'zh-CN,zh;q=0.8,en;q=0.6,zh-TW;q=0.4',
)
[ info ] [ PARAM ] array (
)
[ info ] [ RUN ] app\index\controller\Index->index[ D:\xampp\htdocs\ImoocNuomi\Nunu\project\application\index\controller\Index.php ]
[ info ] [ VIEW ] D:\xampp\htdocs\ImoocNuomi\Nunu\project\public/../application/index\view\index\index.html [ array (
) ]
[ info ] [ LOG ] INIT File
---------------------------------------------------------------
[ 2017-07-07T19:18:25+08:00 ] 127.0.0.1 127.0.0.1 GET /admin/index/index
[ info ] nunu.com/admin/index/index [运行时间：0.038002s][吞吐率：26.31req/s] [内存消耗：1,683.84kb] [文件加载：40]
[ info ] [ LANG ] D:\xampp\htdocs\ImoocNuomi\Nunu\project\thinkphp\lang\zh-cn.php
[ info ] [ ROUTE ] array (
  'type' => 'module',
  'module' => 
  array (
    0 => 'admin',
    1 => 'index',
    2 => 'index',
  ),
)
[ info ] [ HEADER ] array (
  'host' => 'nunu.com',
  'connection' => 'keep-alive',
  'upgrade-insecure-requests' => '1',
  'user-agent' => 'Mozilla/5.0 (Windows NT 6.1; Win64; x64) AppleWebKit/537.36 (KHTML, like Gecko) Chrome/59.0.3071.86 Safari/537.36',
  'accept' => 'text/html,application/xhtml+xml,application/xml;q=0.9,image/webp,image/apng,*/*;q=0.8',
  'accept-encoding' => 'gzip, deflate',
  'accept-language' => 'zh-CN,zh;q=0.8,en;q=0.6,zh-TW;q=0.4',
)
[ info ] [ PARAM ] array (
)
[ info ] [ RUN ] app\admin\controller\Index->index[ D:\xampp\htdocs\ImoocNuomi\Nunu\project\application\admin\controller\Index.php ]
[ info ] [ VIEW ] D:\xampp\htdocs\ImoocNuomi\Nunu\project\public/../application/admin\view\index\index.html [ array (
) ]
[ info ] [ LOG ] INIT File
---------------------------------------------------------------
[ 2017-07-07T19:18:25+08:00 ] 127.0.0.1 127.0.0.1 GET /admin/index/welcome.html
[ info ] nunu.com/admin/index/welcome.html [运行时间：0.045002s][吞吐率：22.22req/s] [内存消耗：1,444.52kb] [文件加载：36]
[ info ] [ LANG ] D:\xampp\htdocs\ImoocNuomi\Nunu\project\thinkphp\lang\zh-cn.php
[ info ] [ ROUTE ] array (
  'type' => 'module',
  'module' => 
  array (
    0 => 'admin',
    1 => 'index',
    2 => 'welcome',
  ),
)
[ info ] [ HEADER ] array (
  'host' => 'nunu.com',
  'connection' => 'keep-alive',
  'upgrade-insecure-requests' => '1',
  'user-agent' => 'Mozilla/5.0 (Windows NT 6.1; Win64; x64) AppleWebKit/537.36 (KHTML, like Gecko) Chrome/59.0.3071.86 Safari/537.36',
  'accept' => 'text/html,application/xhtml+xml,application/xml;q=0.9,image/webp,image/apng,*/*;q=0.8',
  'referer' => 'http://nunu.com/admin/index/index',
  'accept-encoding' => 'gzip, deflate',
  'accept-language' => 'zh-CN,zh;q=0.8,en;q=0.6,zh-TW;q=0.4',
)
[ info ] [ PARAM ] array (
)
[ info ] [ RUN ] app\admin\controller\Index->welcome[ D:\xampp\htdocs\ImoocNuomi\Nunu\project\application\admin\controller\Index.php ]
[ info ] [ LOG ] INIT File
---------------------------------------------------------------
[ 2017-07-07T19:18:28+08:00 ] 127.0.0.1 127.0.0.1 GET /admin/deal/apply.html
[ info ] nunu.com/admin/deal/apply.html [运行时间：0.037002s][吞吐率：27.03req/s] [内存消耗：1,166.38kb] [文件加载：32]
[ info ] [ LANG ] D:\xampp\htdocs\ImoocNuomi\Nunu\project\thinkphp\lang\zh-cn.php
[ info ] [ ROUTE ] array (
  'type' => 'module',
  'module' => 
  array (
    0 => 'admin',
    1 => 'deal',
    2 => 'apply',
  ),
)
[ info ] [ HEADER ] array (
  'host' => 'nunu.com',
  'connection' => 'keep-alive',
  'upgrade-insecure-requests' => '1',
  'user-agent' => 'Mozilla/5.0 (Windows NT 6.1; Win64; x64) AppleWebKit/537.36 (KHTML, like Gecko) Chrome/59.0.3071.86 Safari/537.36',
  'accept' => 'text/html,application/xhtml+xml,application/xml;q=0.9,image/webp,image/apng,*/*;q=0.8',
  'referer' => 'http://nunu.com/admin/index/index',
  'accept-encoding' => 'gzip, deflate',
  'accept-language' => 'zh-CN,zh;q=0.8,en;q=0.6,zh-TW;q=0.4',
)
[ info ] [ PARAM ] array (
)
[ info ] [ LOG ] INIT File
---------------------------------------------------------------
[ 2017-07-07T19:18:40+08:00 ] 127.0.0.1 127.0.0.1 GET /admin
[ info ] nunu.com/admin [运行时间：0.031002s][吞吐率：32.26req/s] [内存消耗：1,516.90kb] [文件加载：38]
[ info ] [ LANG ] D:\xampp\htdocs\ImoocNuomi\Nunu\project\thinkphp\lang\zh-cn.php
[ info ] [ ROUTE ] array (
  'type' => 'module',
  'module' => 
  array (
    0 => 'admin',
    1 => NULL,
    2 => NULL,
  ),
)
[ info ] [ HEADER ] array (
  'host' => 'nunu.com',
  'connection' => 'keep-alive',
  'upgrade-insecure-requests' => '1',
  'user-agent' => 'Mozilla/5.0 (Windows NT 6.1; Win64; x64) AppleWebKit/537.36 (KHTML, like Gecko) Chrome/59.0.3071.86 Safari/537.36',
  'accept' => 'text/html,application/xhtml+xml,application/xml;q=0.9,image/webp,image/apng,*/*;q=0.8',
  'accept-encoding' => 'gzip, deflate',
  'accept-language' => 'zh-CN,zh;q=0.8,en;q=0.6,zh-TW;q=0.4',
)
[ info ] [ PARAM ] array (
)
[ info ] [ RUN ] app\admin\controller\Index->index[ D:\xampp\htdocs\ImoocNuomi\Nunu\project\application\admin\controller\Index.php ]
[ info ] [ VIEW ] D:\xampp\htdocs\ImoocNuomi\Nunu\project\public/../application/admin\view\index\index.html [ array (
) ]
[ info ] [ LOG ] INIT File
---------------------------------------------------------------
[ 2017-07-07T19:18:41+08:00 ] 127.0.0.1 127.0.0.1 GET /admin/index/welcome.html
[ info ] nunu.com/admin/index/welcome.html [运行时间：0.044002s][吞吐率：22.73req/s] [内存消耗：1,444.48kb] [文件加载：36]
[ info ] [ LANG ] D:\xampp\htdocs\ImoocNuomi\Nunu\project\thinkphp\lang\zh-cn.php
[ info ] [ ROUTE ] array (
  'type' => 'module',
  'module' => 
  array (
    0 => 'admin',
    1 => 'index',
    2 => 'welcome',
  ),
)
[ info ] [ HEADER ] array (
  'host' => 'nunu.com',
  'connection' => 'keep-alive',
  'upgrade-insecure-requests' => '1',
  'user-agent' => 'Mozilla/5.0 (Windows NT 6.1; Win64; x64) AppleWebKit/537.36 (KHTML, like Gecko) Chrome/59.0.3071.86 Safari/537.36',
  'accept' => 'text/html,application/xhtml+xml,application/xml;q=0.9,image/webp,image/apng,*/*;q=0.8',
  'referer' => 'http://nunu.com/admin',
  'accept-encoding' => 'gzip, deflate',
  'accept-language' => 'zh-CN,zh;q=0.8,en;q=0.6,zh-TW;q=0.4',
)
[ info ] [ PARAM ] array (
)
[ info ] [ RUN ] app\admin\controller\Index->welcome[ D:\xampp\htdocs\ImoocNuomi\Nunu\project\application\admin\controller\Index.php ]
[ info ] [ LOG ] INIT File
---------------------------------------------------------------
[ 2017-07-07T19:30:55+08:00 ] 127.0.0.1 127.0.0.1 GET /admin/bis/apply.html
[ info ] nunu.com/admin/bis/apply.html [运行时间：0.048003s][吞吐率：20.83req/s] [内存消耗：1,166.37kb] [文件加载：32]
[ info ] [ LANG ] D:\xampp\htdocs\ImoocNuomi\Nunu\project\thinkphp\lang\zh-cn.php
[ info ] [ ROUTE ] array (
  'type' => 'module',
  'module' => 
  array (
    0 => 'admin',
    1 => 'bis',
    2 => 'apply',
  ),
)
[ info ] [ HEADER ] array (
  'host' => 'nunu.com',
  'connection' => 'keep-alive',
  'upgrade-insecure-requests' => '1',
  'user-agent' => 'Mozilla/5.0 (Windows NT 6.1; Win64; x64) AppleWebKit/537.36 (KHTML, like Gecko) Chrome/59.0.3071.86 Safari/537.36',
  'accept' => 'text/html,application/xhtml+xml,application/xml;q=0.9,image/webp,image/apng,*/*;q=0.8',
  'referer' => 'http://nunu.com/admin',
  'accept-encoding' => 'gzip, deflate',
  'accept-language' => 'zh-CN,zh;q=0.8,en;q=0.6,zh-TW;q=0.4',
)
[ info ] [ PARAM ] array (
)
[ info ] [ LOG ] INIT File
---------------------------------------------------------------
[ 2017-07-07T19:30:56+08:00 ] 127.0.0.1 127.0.0.1 GET /admin/bis/index.html
[ info ] nunu.com/admin/bis/index.html [运行时间：0.035002s][吞吐率：28.57req/s] [内存消耗：1,166.37kb] [文件加载：32]
[ info ] [ LANG ] D:\xampp\htdocs\ImoocNuomi\Nunu\project\thinkphp\lang\zh-cn.php
[ info ] [ ROUTE ] array (
  'type' => 'module',
  'module' => 
  array (
    0 => 'admin',
    1 => 'bis',
    2 => 'index',
  ),
)
[ info ] [ HEADER ] array (
  'host' => 'nunu.com',
  'connection' => 'keep-alive',
  'upgrade-insecure-requests' => '1',
  'user-agent' => 'Mozilla/5.0 (Windows NT 6.1; Win64; x64) AppleWebKit/537.36 (KHTML, like Gecko) Chrome/59.0.3071.86 Safari/537.36',
  'accept' => 'text/html,application/xhtml+xml,application/xml;q=0.9,image/webp,image/apng,*/*;q=0.8',
  'referer' => 'http://nunu.com/admin',
  'accept-encoding' => 'gzip, deflate',
  'accept-language' => 'zh-CN,zh;q=0.8,en;q=0.6,zh-TW;q=0.4',
)
[ info ] [ PARAM ] array (
)
[ info ] [ LOG ] INIT File
---------------------------------------------------------------
[ 2017-07-07T19:31:49+08:00 ] 127.0.0.1 127.0.0.1 GET /
[ info ] nunu.com/ [运行时间：0.038002s][吞吐率：26.31req/s] [内存消耗：1,528.75kb] [文件加载：37]
[ info ] [ LANG ] D:\xampp\htdocs\ImoocNuomi\Nunu\project\thinkphp\lang\zh-cn.php
[ info ] [ ROUTE ] array (
  'type' => 'module',
  'module' => 
  array (
    0 => '',
    1 => NULL,
    2 => NULL,
  ),
)
[ info ] [ HEADER ] array (
  'cache-control' => 'no-cache',
  'postman-token' => '34e32d07-b94d-41f4-b6b4-df8dbc951c5f',
  'user-agent' => 'PostmanRuntime/6.1.6',
  'accept' => '*/*',
  'host' => 'nunu.com',
  'accept-encoding' => 'gzip, deflate',
  'connection' => 'keep-alive',
)
[ info ] [ PARAM ] array (
)
[ info ] [ RUN ] app\index\controller\Index->index[ D:\xampp\htdocs\ImoocNuomi\Nunu\project\application\index\controller\Index.php ]
[ info ] [ VIEW ] D:\xampp\htdocs\ImoocNuomi\Nunu\project\public/../application/index\view\index\index.html [ array (
) ]
[ info ] [ LOG ] INIT File
---------------------------------------------------------------
[ 2017-07-07T19:57:35+08:00 ] 127.0.0.1 127.0.0.1 GET /admin/deal/apply.html
[ info ] nunu.com/admin/deal/apply.html [运行时间：0.045003s][吞吐率：22.22req/s] [内存消耗：1,166.32kb] [文件加载：32]
[ info ] [ LANG ] D:\xampp\htdocs\ImoocNuomi\Nunu\project\thinkphp\lang\zh-cn.php
[ info ] [ ROUTE ] array (
  'type' => 'module',
  'module' => 
  array (
    0 => 'admin',
    1 => 'deal',
    2 => 'apply',
  ),
)
[ info ] [ HEADER ] array (
  'host' => 'nunu.com',
  'connection' => 'keep-alive',
  'upgrade-insecure-requests' => '1',
  'user-agent' => 'Mozilla/5.0 (Windows NT 6.1; Win64; x64) AppleWebKit/537.36 (KHTML, like Gecko) Chrome/59.0.3071.86 Safari/537.36',
  'accept' => 'text/html,application/xhtml+xml,application/xml;q=0.9,image/webp,image/apng,*/*;q=0.8',
  'referer' => 'http://nunu.com/admin',
  'accept-encoding' => 'gzip, deflate',
  'accept-language' => 'zh-CN,zh;q=0.8,en;q=0.6,zh-TW;q=0.4',
)
[ info ] [ PARAM ] array (
)
[ info ] [ LOG ] INIT File
---------------------------------------------------------------
[ 2017-07-07T19:57:36+08:00 ] 127.0.0.1 127.0.0.1 GET /admin/deal/apply.html
[ info ] nunu.com/admin/deal/apply.html [运行时间：0.026001s][吞吐率：38.46req/s] [内存消耗：1,166.32kb] [文件加载：32]
[ info ] [ LANG ] D:\xampp\htdocs\ImoocNuomi\Nunu\project\thinkphp\lang\zh-cn.php
[ info ] [ ROUTE ] array (
  'type' => 'module',
  'module' => 
  array (
    0 => 'admin',
    1 => 'deal',
    2 => 'apply',
  ),
)
[ info ] [ HEADER ] array (
  'host' => 'nunu.com',
  'connection' => 'keep-alive',
  'upgrade-insecure-requests' => '1',
  'user-agent' => 'Mozilla/5.0 (Windows NT 6.1; Win64; x64) AppleWebKit/537.36 (KHTML, like Gecko) Chrome/59.0.3071.86 Safari/537.36',
  'accept' => 'text/html,application/xhtml+xml,application/xml;q=0.9,image/webp,image/apng,*/*;q=0.8',
  'referer' => 'http://nunu.com/admin',
  'accept-encoding' => 'gzip, deflate',
  'accept-language' => 'zh-CN,zh;q=0.8,en;q=0.6,zh-TW;q=0.4',
)
[ info ] [ PARAM ] array (
)
[ info ] [ LOG ] INIT File
---------------------------------------------------------------
[ 2017-07-07T19:57:37+08:00 ] 127.0.0.1 127.0.0.1 GET /admin/deal/index.html
[ info ] nunu.com/admin/deal/index.html [运行时间：0.032002s][吞吐率：31.25req/s] [内存消耗：1,166.40kb] [文件加载：32]
[ info ] [ LANG ] D:\xampp\htdocs\ImoocNuomi\Nunu\project\thinkphp\lang\zh-cn.php
[ info ] [ ROUTE ] array (
  'type' => 'module',
  'module' => 
  array (
    0 => 'admin',
    1 => 'deal',
    2 => 'index',
  ),
)
[ info ] [ HEADER ] array (
  'host' => 'nunu.com',
  'connection' => 'keep-alive',
  'upgrade-insecure-requests' => '1',
  'user-agent' => 'Mozilla/5.0 (Windows NT 6.1; Win64; x64) AppleWebKit/537.36 (KHTML, like Gecko) Chrome/59.0.3071.86 Safari/537.36',
  'accept' => 'text/html,application/xhtml+xml,application/xml;q=0.9,image/webp,image/apng,*/*;q=0.8',
  'referer' => 'http://nunu.com/admin',
  'accept-encoding' => 'gzip, deflate',
  'accept-language' => 'zh-CN,zh;q=0.8,en;q=0.6,zh-TW;q=0.4',
)
[ info ] [ PARAM ] array (
)
[ info ] [ LOG ] INIT File
---------------------------------------------------------------
[ 2017-07-07T19:57:48+08:00 ] 127.0.0.1 127.0.0.1 GET /admin/deal/apply.html
[ info ] nunu.com/admin/deal/apply.html [运行时间：0.037002s][吞吐率：27.03req/s] [内存消耗：1,166.40kb] [文件加载：32]
[ info ] [ LANG ] D:\xampp\htdocs\ImoocNuomi\Nunu\project\thinkphp\lang\zh-cn.php
[ info ] [ ROUTE ] array (
  'type' => 'module',
  'module' => 
  array (
    0 => 'admin',
    1 => 'deal',
    2 => 'apply',
  ),
)
[ info ] [ HEADER ] array (
  'host' => 'nunu.com',
  'connection' => 'keep-alive',
  'upgrade-insecure-requests' => '1',
  'user-agent' => 'Mozilla/5.0 (Windows NT 6.1; Win64; x64) AppleWebKit/537.36 (KHTML, like Gecko) Chrome/59.0.3071.86 Safari/537.36',
  'accept' => 'text/html,application/xhtml+xml,application/xml;q=0.9,image/webp,image/apng,*/*;q=0.8',
  'referer' => 'http://nunu.com/admin',
  'accept-encoding' => 'gzip, deflate',
  'accept-language' => 'zh-CN,zh;q=0.8,en;q=0.6,zh-TW;q=0.4',
)
[ info ] [ PARAM ] array (
)
[ info ] [ LOG ] INIT File
---------------------------------------------------------------
[ 2017-07-07T21:48:13+08:00 ] 127.0.0.1 127.0.0.1 GET /category
[ info ] nunu.com/category [运行时间：0.038002s][吞吐率：26.31req/s] [内存消耗：1,164.84kb] [文件加载：30]
[ info ] [ LANG ] D:\xampp\htdocs\ImoocNuomi\Nunu\project\thinkphp\lang\zh-cn.php
[ info ] [ ROUTE ] array (
  'type' => 'module',
  'module' => 
  array (
    0 => 'category',
    1 => NULL,
    2 => NULL,
  ),
)
[ info ] [ HEADER ] array (
  'host' => 'nunu.com',
  'connection' => 'keep-alive',
  'upgrade-insecure-requests' => '1',
  'user-agent' => 'Mozilla/5.0 (Windows NT 6.1; Win64; x64) AppleWebKit/537.36 (KHTML, like Gecko) Chrome/59.0.3071.86 Safari/537.36',
  'accept' => 'text/html,application/xhtml+xml,application/xml;q=0.9,image/webp,image/apng,*/*;q=0.8',
  'accept-encoding' => 'gzip, deflate',
  'accept-language' => 'zh-CN,zh;q=0.8,en;q=0.6,zh-TW;q=0.4',
)
[ info ] [ PARAM ] array (
)
[ info ] [ LOG ] INIT File
---------------------------------------------------------------
[ 2017-07-07T21:48:34+08:00 ] 127.0.0.1 127.0.0.1 GET /admin/category
[ info ] nunu.com/admin/category [运行时间：0.035002s][吞吐率：28.57req/s] [内存消耗：1,488.11kb] [文件加载：39]
[ info ] [ LANG ] D:\xampp\htdocs\ImoocNuomi\Nunu\project\thinkphp\lang\zh-cn.php
[ info ] [ ROUTE ] array (
  'type' => 'module',
  'module' => 
  array (
    0 => 'admin',
    1 => 'category',
    2 => NULL,
  ),
)
[ info ] [ HEADER ] array (
  'host' => 'nunu.com',
  'connection' => 'keep-alive',
  'upgrade-insecure-requests' => '1',
  'user-agent' => 'Mozilla/5.0 (Windows NT 6.1; Win64; x64) AppleWebKit/537.36 (KHTML, like Gecko) Chrome/59.0.3071.86 Safari/537.36',
  'accept' => 'text/html,application/xhtml+xml,application/xml;q=0.9,image/webp,image/apng,*/*;q=0.8',
  'accept-encoding' => 'gzip, deflate',
  'accept-language' => 'zh-CN,zh;q=0.8,en;q=0.6,zh-TW;q=0.4',
)
[ info ] [ PARAM ] array (
)
[ info ] [ LOG ] INIT File
---------------------------------------------------------------
[ 2017-07-07T21:49:05+08:00 ] 127.0.0.1 127.0.0.1 GET /admin/category
[ info ] nunu.com/admin/category [运行时间：0.034002s][吞吐率：29.41req/s] [内存消耗：1,445.93kb] [文件加载：37]
[ info ] [ LANG ] D:\xampp\htdocs\ImoocNuomi\Nunu\project\thinkphp\lang\zh-cn.php
[ info ] [ ROUTE ] array (
  'type' => 'module',
  'module' => 
  array (
    0 => 'admin',
    1 => 'category',
    2 => NULL,
  ),
)
[ info ] [ HEADER ] array (
  'host' => 'nunu.com',
  'connection' => 'keep-alive',
  'cache-control' => 'max-age=0',
  'upgrade-insecure-requests' => '1',
  'user-agent' => 'Mozilla/5.0 (Windows NT 6.1; Win64; x64) AppleWebKit/537.36 (KHTML, like Gecko) Chrome/59.0.3071.86 Safari/537.36',
  'accept' => 'text/html,application/xhtml+xml,application/xml;q=0.9,image/webp,image/apng,*/*;q=0.8',
  'accept-encoding' => 'gzip, deflate',
  'accept-language' => 'zh-CN,zh;q=0.8,en;q=0.6,zh-TW;q=0.4',
)
[ info ] [ PARAM ] array (
)
[ info ] [ RUN ] app\admin\controller\Category->index[ D:\xampp\htdocs\ImoocNuomi\Nunu\project\application\admin\controller\Category.php ]
[ info ] [ VIEW ] D:\xampp\htdocs\ImoocNuomi\Nunu\project\public/../application/admin\view\category\index.html [ array (
) ]
[ info ] [ LOG ] INIT File
---------------------------------------------------------------
[ 2017-07-07T21:49:16+08:00 ] 127.0.0.1 127.0.0.1 GET /admin/category
[ info ] nunu.com/admin/category [运行时间：0.037002s][吞吐率：27.03req/s] [内存消耗：1,445.91kb] [文件加载：37]
[ info ] [ LANG ] D:\xampp\htdocs\ImoocNuomi\Nunu\project\thinkphp\lang\zh-cn.php
[ info ] [ ROUTE ] array (
  'type' => 'module',
  'module' => 
  array (
    0 => 'admin',
    1 => 'category',
    2 => NULL,
  ),
)
[ info ] [ HEADER ] array (
  'host' => 'nunu.com',
  'connection' => 'keep-alive',
  'cache-control' => 'max-age=0',
  'upgrade-insecure-requests' => '1',
  'user-agent' => 'Mozilla/5.0 (Windows NT 6.1; Win64; x64) AppleWebKit/537.36 (KHTML, like Gecko) Chrome/59.0.3071.86 Safari/537.36',
  'accept' => 'text/html,application/xhtml+xml,application/xml;q=0.9,image/webp,image/apng,*/*;q=0.8',
  'accept-encoding' => 'gzip, deflate',
  'accept-language' => 'zh-CN,zh;q=0.8,en;q=0.6,zh-TW;q=0.4',
)
[ info ] [ PARAM ] array (
)
[ info ] [ RUN ] app\admin\controller\Category->index[ D:\xampp\htdocs\ImoocNuomi\Nunu\project\application\admin\controller\Category.php ]
[ info ] [ VIEW ] D:\xampp\htdocs\ImoocNuomi\Nunu\project\public/../application/admin\view\category\index.html [ array (
) ]
[ info ] [ LOG ] INIT File
---------------------------------------------------------------
[ 2017-07-07T21:50:10+08:00 ] 127.0.0.1 127.0.0.1 GET /admin/category
[ info ] nunu.com/admin/category [运行时间：0.030002s][吞吐率：33.33req/s] [内存消耗：1,445.89kb] [文件加载：37]
[ info ] [ LANG ] D:\xampp\htdocs\ImoocNuomi\Nunu\project\thinkphp\lang\zh-cn.php
[ info ] [ ROUTE ] array (
  'type' => 'module',
  'module' => 
  array (
    0 => 'admin',
    1 => 'category',
    2 => NULL,
  ),
)
[ info ] [ HEADER ] array (
  'host' => 'nunu.com',
  'connection' => 'keep-alive',
  'cache-control' => 'max-age=0',
  'upgrade-insecure-requests' => '1',
  'user-agent' => 'Mozilla/5.0 (Windows NT 6.1; Win64; x64) AppleWebKit/537.36 (KHTML, like Gecko) Chrome/59.0.3071.86 Safari/537.36',
  'accept' => 'text/html,application/xhtml+xml,application/xml;q=0.9,image/webp,image/apng,*/*;q=0.8',
  'accept-encoding' => 'gzip, deflate',
  'accept-language' => 'zh-CN,zh;q=0.8,en;q=0.6,zh-TW;q=0.4',
)
[ info ] [ PARAM ] array (
)
[ info ] [ RUN ] app\admin\controller\Category->index[ D:\xampp\htdocs\ImoocNuomi\Nunu\project\application\admin\controller\Category.php ]
[ info ] [ VIEW ] D:\xampp\htdocs\ImoocNuomi\Nunu\project\public/../application/admin\view\category\index.html [ array (
) ]
[ info ] [ LOG ] INIT File
---------------------------------------------------------------
[ 2017-07-07T21:50:11+08:00 ] 127.0.0.1 127.0.0.1 GET /admin/category
[ info ] nunu.com/admin/category [运行时间：0.029002s][吞吐率：34.48req/s] [内存消耗：1,445.89kb] [文件加载：37]
[ info ] [ LANG ] D:\xampp\htdocs\ImoocNuomi\Nunu\project\thinkphp\lang\zh-cn.php
[ info ] [ ROUTE ] array (
  'type' => 'module',
  'module' => 
  array (
    0 => 'admin',
    1 => 'category',
    2 => NULL,
  ),
)
[ info ] [ HEADER ] array (
  'host' => 'nunu.com',
  'connection' => 'keep-alive',
  'cache-control' => 'max-age=0',
  'upgrade-insecure-requests' => '1',
  'user-agent' => 'Mozilla/5.0 (Windows NT 6.1; Win64; x64) AppleWebKit/537.36 (KHTML, like Gecko) Chrome/59.0.3071.86 Safari/537.36',
  'accept' => 'text/html,application/xhtml+xml,application/xml;q=0.9,image/webp,image/apng,*/*;q=0.8',
  'accept-encoding' => 'gzip, deflate',
  'accept-language' => 'zh-CN,zh;q=0.8,en;q=0.6,zh-TW;q=0.4',
)
[ info ] [ PARAM ] array (
)
[ info ] [ RUN ] app\admin\controller\Category->index[ D:\xampp\htdocs\ImoocNuomi\Nunu\project\application\admin\controller\Category.php ]
[ info ] [ VIEW ] D:\xampp\htdocs\ImoocNuomi\Nunu\project\public/../application/admin\view\category\index.html [ array (
) ]
[ info ] [ LOG ] INIT File
---------------------------------------------------------------
[ 2017-07-07T21:50:12+08:00 ] 127.0.0.1 127.0.0.1 GET /admin/category
[ info ] nunu.com/admin/category [运行时间：0.028001s][吞吐率：35.71req/s] [内存消耗：1,445.89kb] [文件加载：37]
[ info ] [ LANG ] D:\xampp\htdocs\ImoocNuomi\Nunu\project\thinkphp\lang\zh-cn.php
[ info ] [ ROUTE ] array (
  'type' => 'module',
  'module' => 
  array (
    0 => 'admin',
    1 => 'category',
    2 => NULL,
  ),
)
[ info ] [ HEADER ] array (
  'host' => 'nunu.com',
  'connection' => 'keep-alive',
  'cache-control' => 'max-age=0',
  'upgrade-insecure-requests' => '1',
  'user-agent' => 'Mozilla/5.0 (Windows NT 6.1; Win64; x64) AppleWebKit/537.36 (KHTML, like Gecko) Chrome/59.0.3071.86 Safari/537.36',
  'accept' => 'text/html,application/xhtml+xml,application/xml;q=0.9,image/webp,image/apng,*/*;q=0.8',
  'accept-encoding' => 'gzip, deflate',
  'accept-language' => 'zh-CN,zh;q=0.8,en;q=0.6,zh-TW;q=0.4',
)
[ info ] [ PARAM ] array (
)
[ info ] [ RUN ] app\admin\controller\Category->index[ D:\xampp\htdocs\ImoocNuomi\Nunu\project\application\admin\controller\Category.php ]
[ info ] [ VIEW ] D:\xampp\htdocs\ImoocNuomi\Nunu\project\public/../application/admin\view\category\index.html [ array (
) ]
[ info ] [ LOG ] INIT File
---------------------------------------------------------------
[ 2017-07-07T21:50:12+08:00 ] 127.0.0.1 127.0.0.1 GET /admin/category
[ info ] nunu.com/admin/category [运行时间：0.028001s][吞吐率：35.71req/s] [内存消耗：1,445.89kb] [文件加载：37]
[ info ] [ LANG ] D:\xampp\htdocs\ImoocNuomi\Nunu\project\thinkphp\lang\zh-cn.php
[ info ] [ ROUTE ] array (
  'type' => 'module',
  'module' => 
  array (
    0 => 'admin',
    1 => 'category',
    2 => NULL,
  ),
)
[ info ] [ HEADER ] array (
  'host' => 'nunu.com',
  'connection' => 'keep-alive',
  'cache-control' => 'max-age=0',
  'upgrade-insecure-requests' => '1',
  'user-agent' => 'Mozilla/5.0 (Windows NT 6.1; Win64; x64) AppleWebKit/537.36 (KHTML, like Gecko) Chrome/59.0.3071.86 Safari/537.36',
  'accept' => 'text/html,application/xhtml+xml,application/xml;q=0.9,image/webp,image/apng,*/*;q=0.8',
  'accept-encoding' => 'gzip, deflate',
  'accept-language' => 'zh-CN,zh;q=0.8,en;q=0.6,zh-TW;q=0.4',
)
[ info ] [ PARAM ] array (
)
[ info ] [ RUN ] app\admin\controller\Category->index[ D:\xampp\htdocs\ImoocNuomi\Nunu\project\application\admin\controller\Category.php ]
[ info ] [ VIEW ] D:\xampp\htdocs\ImoocNuomi\Nunu\project\public/../application/admin\view\category\index.html [ array (
) ]
[ info ] [ LOG ] INIT File
---------------------------------------------------------------
[ 2017-07-07T21:50:13+08:00 ] 127.0.0.1 127.0.0.1 GET /admin/category
[ info ] nunu.com/admin/category [运行时间：0.026002s][吞吐率：38.46req/s] [内存消耗：1,445.89kb] [文件加载：37]
[ info ] [ LANG ] D:\xampp\htdocs\ImoocNuomi\Nunu\project\thinkphp\lang\zh-cn.php
[ info ] [ ROUTE ] array (
  'type' => 'module',
  'module' => 
  array (
    0 => 'admin',
    1 => 'category',
    2 => NULL,
  ),
)
[ info ] [ HEADER ] array (
  'host' => 'nunu.com',
  'connection' => 'keep-alive',
  'cache-control' => 'max-age=0',
  'upgrade-insecure-requests' => '1',
  'user-agent' => 'Mozilla/5.0 (Windows NT 6.1; Win64; x64) AppleWebKit/537.36 (KHTML, like Gecko) Chrome/59.0.3071.86 Safari/537.36',
  'accept' => 'text/html,application/xhtml+xml,application/xml;q=0.9,image/webp,image/apng,*/*;q=0.8',
  'accept-encoding' => 'gzip, deflate',
  'accept-language' => 'zh-CN,zh;q=0.8,en;q=0.6,zh-TW;q=0.4',
)
[ info ] [ PARAM ] array (
)
[ info ] [ RUN ] app\admin\controller\Category->index[ D:\xampp\htdocs\ImoocNuomi\Nunu\project\application\admin\controller\Category.php ]
[ info ] [ VIEW ] D:\xampp\htdocs\ImoocNuomi\Nunu\project\public/../application/admin\view\category\index.html [ array (
) ]
[ info ] [ LOG ] INIT File
---------------------------------------------------------------
[ 2017-07-07T21:50:13+08:00 ] 127.0.0.1 127.0.0.1 GET /admin/category
[ info ] nunu.com/admin/category [运行时间：0.032002s][吞吐率：31.25req/s] [内存消耗：1,445.89kb] [文件加载：37]
[ info ] [ LANG ] D:\xampp\htdocs\ImoocNuomi\Nunu\project\thinkphp\lang\zh-cn.php
[ info ] [ ROUTE ] array (
  'type' => 'module',
  'module' => 
  array (
    0 => 'admin',
    1 => 'category',
    2 => NULL,
  ),
)
[ info ] [ HEADER ] array (
  'host' => 'nunu.com',
  'connection' => 'keep-alive',
  'cache-control' => 'max-age=0',
  'upgrade-insecure-requests' => '1',
  'user-agent' => 'Mozilla/5.0 (Windows NT 6.1; Win64; x64) AppleWebKit/537.36 (KHTML, like Gecko) Chrome/59.0.3071.86 Safari/537.36',
  'accept' => 'text/html,application/xhtml+xml,application/xml;q=0.9,image/webp,image/apng,*/*;q=0.8',
  'accept-encoding' => 'gzip, deflate',
  'accept-language' => 'zh-CN,zh;q=0.8,en;q=0.6,zh-TW;q=0.4',
)
[ info ] [ PARAM ] array (
)
[ info ] [ RUN ] app\admin\controller\Category->index[ D:\xampp\htdocs\ImoocNuomi\Nunu\project\application\admin\controller\Category.php ]
[ info ] [ VIEW ] D:\xampp\htdocs\ImoocNuomi\Nunu\project\public/../application/admin\view\category\index.html [ array (
) ]
[ info ] [ LOG ] INIT File
---------------------------------------------------------------
[ 2017-07-07T21:50:21+08:00 ] 127.0.0.1 127.0.0.1 GET /admin/category
[ info ] nunu.com/admin/category [运行时间：0.029001s][吞吐率：34.48req/s] [内存消耗：1,446.16kb] [文件加载：37]
[ info ] [ LANG ] D:\xampp\htdocs\ImoocNuomi\Nunu\project\thinkphp\lang\zh-cn.php
[ info ] [ ROUTE ] array (
  'type' => 'module',
  'module' => 
  array (
    0 => 'admin',
    1 => 'category',
    2 => NULL,
  ),
)
[ info ] [ HEADER ] array (
  'host' => 'nunu.com',
  'connection' => 'keep-alive',
  'pragma' => 'no-cache',
  'cache-control' => 'no-cache',
  'upgrade-insecure-requests' => '1',
  'user-agent' => 'Mozilla/5.0 (Windows NT 6.1; Win64; x64) AppleWebKit/537.36 (KHTML, like Gecko) Chrome/59.0.3071.86 Safari/537.36',
  'accept' => 'text/html,application/xhtml+xml,application/xml;q=0.9,image/webp,image/apng,*/*;q=0.8',
  'accept-encoding' => 'gzip, deflate',
  'accept-language' => 'zh-CN,zh;q=0.8,en;q=0.6,zh-TW;q=0.4',
)
[ info ] [ PARAM ] array (
)
[ info ] [ RUN ] app\admin\controller\Category->index[ D:\xampp\htdocs\ImoocNuomi\Nunu\project\application\admin\controller\Category.php ]
[ info ] [ VIEW ] D:\xampp\htdocs\ImoocNuomi\Nunu\project\public/../application/admin\view\category\index.html [ array (
) ]
[ info ] [ LOG ] INIT File
---------------------------------------------------------------
[ 2017-07-07T21:50:24+08:00 ] 127.0.0.1 127.0.0.1 GET /admin/
[ info ] nunu.com/admin/ [运行时间：0.034002s][吞吐率：29.41req/s] [内存消耗：1,516.90kb] [文件加载：38]
[ info ] [ LANG ] D:\xampp\htdocs\ImoocNuomi\Nunu\project\thinkphp\lang\zh-cn.php
[ info ] [ ROUTE ] array (
  'type' => 'module',
  'module' => 
  array (
    0 => 'admin',
    1 => NULL,
    2 => NULL,
  ),
)
[ info ] [ HEADER ] array (
  'host' => 'nunu.com',
  'connection' => 'keep-alive',
  'upgrade-insecure-requests' => '1',
  'user-agent' => 'Mozilla/5.0 (Windows NT 6.1; Win64; x64) AppleWebKit/537.36 (KHTML, like Gecko) Chrome/59.0.3071.86 Safari/537.36',
  'accept' => 'text/html,application/xhtml+xml,application/xml;q=0.9,image/webp,image/apng,*/*;q=0.8',
  'accept-encoding' => 'gzip, deflate',
  'accept-language' => 'zh-CN,zh;q=0.8,en;q=0.6,zh-TW;q=0.4',
)
[ info ] [ PARAM ] array (
)
[ info ] [ RUN ] app\admin\controller\Index->index[ D:\xampp\htdocs\ImoocNuomi\Nunu\project\application\admin\controller\Index.php ]
[ info ] [ VIEW ] D:\xampp\htdocs\ImoocNuomi\Nunu\project\public/../application/admin\view\index\index.html [ array (
) ]
[ info ] [ LOG ] INIT File
---------------------------------------------------------------
[ 2017-07-07T21:50:24+08:00 ] 127.0.0.1 127.0.0.1 GET /admin/index/welcome.html
[ info ] nunu.com/admin/index/welcome.html [运行时间：0.034002s][吞吐率：29.41req/s] [内存消耗：1,444.50kb] [文件加载：36]
[ info ] [ LANG ] D:\xampp\htdocs\ImoocNuomi\Nunu\project\thinkphp\lang\zh-cn.php
[ info ] [ ROUTE ] array (
  'type' => 'module',
  'module' => 
  array (
    0 => 'admin',
    1 => 'index',
    2 => 'welcome',
  ),
)
[ info ] [ HEADER ] array (
  'host' => 'nunu.com',
  'connection' => 'keep-alive',
  'upgrade-insecure-requests' => '1',
  'user-agent' => 'Mozilla/5.0 (Windows NT 6.1; Win64; x64) AppleWebKit/537.36 (KHTML, like Gecko) Chrome/59.0.3071.86 Safari/537.36',
  'accept' => 'text/html,application/xhtml+xml,application/xml;q=0.9,image/webp,image/apng,*/*;q=0.8',
  'referer' => 'http://nunu.com/admin/',
  'accept-encoding' => 'gzip, deflate',
  'accept-language' => 'zh-CN,zh;q=0.8,en;q=0.6,zh-TW;q=0.4',
)
[ info ] [ PARAM ] array (
)
[ info ] [ RUN ] app\admin\controller\Index->welcome[ D:\xampp\htdocs\ImoocNuomi\Nunu\project\application\admin\controller\Index.php ]
[ info ] [ LOG ] INIT File
---------------------------------------------------------------
[ 2017-07-07T21:50:28+08:00 ] 127.0.0.1 127.0.0.1 GET /admin/category
[ info ] nunu.com/admin/category [运行时间：0.029001s][吞吐率：34.48req/s] [内存消耗：1,445.65kb] [文件加载：37]
[ info ] [ LANG ] D:\xampp\htdocs\ImoocNuomi\Nunu\project\thinkphp\lang\zh-cn.php
[ info ] [ ROUTE ] array (
  'type' => 'module',
  'module' => 
  array (
    0 => 'admin',
    1 => 'category',
    2 => NULL,
  ),
)
[ info ] [ HEADER ] array (
  'host' => 'nunu.com',
  'connection' => 'keep-alive',
  'upgrade-insecure-requests' => '1',
  'user-agent' => 'Mozilla/5.0 (Windows NT 6.1; Win64; x64) AppleWebKit/537.36 (KHTML, like Gecko) Chrome/59.0.3071.86 Safari/537.36',
  'accept' => 'text/html,application/xhtml+xml,application/xml;q=0.9,image/webp,image/apng,*/*;q=0.8',
  'accept-encoding' => 'gzip, deflate',
  'accept-language' => 'zh-CN,zh;q=0.8,en;q=0.6,zh-TW;q=0.4',
)
[ info ] [ PARAM ] array (
)
[ info ] [ RUN ] app\admin\controller\Category->index[ D:\xampp\htdocs\ImoocNuomi\Nunu\project\application\admin\controller\Category.php ]
[ info ] [ VIEW ] D:\xampp\htdocs\ImoocNuomi\Nunu\project\public/../application/admin\view\category\index.html [ array (
) ]
[ info ] [ LOG ] INIT File
---------------------------------------------------------------
[ 2017-07-07T21:51:09+08:00 ] 127.0.0.1 127.0.0.1 GET /admin/category
[ info ] nunu.com/admin/category [运行时间：0.028001s][吞吐率：35.71req/s] [内存消耗：1,443.80kb] [文件加载：36]
[ info ] [ LANG ] D:\xampp\htdocs\ImoocNuomi\Nunu\project\thinkphp\lang\zh-cn.php
[ info ] [ ROUTE ] array (
  'type' => 'module',
  'module' => 
  array (
    0 => 'admin',
    1 => 'category',
    2 => NULL,
  ),
)
[ info ] [ HEADER ] array (
  'host' => 'nunu.com',
  'connection' => 'keep-alive',
  'cache-control' => 'max-age=0',
  'upgrade-insecure-requests' => '1',
  'user-agent' => 'Mozilla/5.0 (Windows NT 6.1; Win64; x64) AppleWebKit/537.36 (KHTML, like Gecko) Chrome/59.0.3071.86 Safari/537.36',
  'accept' => 'text/html,application/xhtml+xml,application/xml;q=0.9,image/webp,image/apng,*/*;q=0.8',
  'accept-encoding' => 'gzip, deflate',
  'accept-language' => 'zh-CN,zh;q=0.8,en;q=0.6,zh-TW;q=0.4',
)
[ info ] [ PARAM ] array (
)
[ info ] [ RUN ] app\admin\controller\Category->index[ D:\xampp\htdocs\ImoocNuomi\Nunu\project\application\admin\controller\Category.php ]
[ info ] [ LOG ] INIT File
---------------------------------------------------------------
[ 2017-07-07T21:51:10+08:00 ] 127.0.0.1 127.0.0.1 GET /admin/category
[ info ] nunu.com/admin/category [运行时间：0.025001s][吞吐率：40.00req/s] [内存消耗：1,443.80kb] [文件加载：36]
[ info ] [ LANG ] D:\xampp\htdocs\ImoocNuomi\Nunu\project\thinkphp\lang\zh-cn.php
[ info ] [ ROUTE ] array (
  'type' => 'module',
  'module' => 
  array (
    0 => 'admin',
    1 => 'category',
    2 => NULL,
  ),
)
[ info ] [ HEADER ] array (
  'host' => 'nunu.com',
  'connection' => 'keep-alive',
  'cache-control' => 'max-age=0',
  'upgrade-insecure-requests' => '1',
  'user-agent' => 'Mozilla/5.0 (Windows NT 6.1; Win64; x64) AppleWebKit/537.36 (KHTML, like Gecko) Chrome/59.0.3071.86 Safari/537.36',
  'accept' => 'text/html,application/xhtml+xml,application/xml;q=0.9,image/webp,image/apng,*/*;q=0.8',
  'accept-encoding' => 'gzip, deflate',
  'accept-language' => 'zh-CN,zh;q=0.8,en;q=0.6,zh-TW;q=0.4',
)
[ info ] [ PARAM ] array (
)
[ info ] [ RUN ] app\admin\controller\Category->index[ D:\xampp\htdocs\ImoocNuomi\Nunu\project\application\admin\controller\Category.php ]
[ info ] [ LOG ] INIT File
---------------------------------------------------------------
[ 2017-07-07T21:51:22+08:00 ] 127.0.0.1 127.0.0.1 GET /admin/category
[ info ] nunu.com/admin/category [运行时间：0.031001s][吞吐率：32.26req/s] [内存消耗：1,445.89kb] [文件加载：37]
[ info ] [ LANG ] D:\xampp\htdocs\ImoocNuomi\Nunu\project\thinkphp\lang\zh-cn.php
[ info ] [ ROUTE ] array (
  'type' => 'module',
  'module' => 
  array (
    0 => 'admin',
    1 => 'category',
    2 => NULL,
  ),
)
[ info ] [ HEADER ] array (
  'host' => 'nunu.com',
  'connection' => 'keep-alive',
  'cache-control' => 'max-age=0',
  'upgrade-insecure-requests' => '1',
  'user-agent' => 'Mozilla/5.0 (Windows NT 6.1; Win64; x64) AppleWebKit/537.36 (KHTML, like Gecko) Chrome/59.0.3071.86 Safari/537.36',
  'accept' => 'text/html,application/xhtml+xml,application/xml;q=0.9,image/webp,image/apng,*/*;q=0.8',
  'accept-encoding' => 'gzip, deflate',
  'accept-language' => 'zh-CN,zh;q=0.8,en;q=0.6,zh-TW;q=0.4',
)
[ info ] [ PARAM ] array (
)
[ info ] [ RUN ] app\admin\controller\Category->index[ D:\xampp\htdocs\ImoocNuomi\Nunu\project\application\admin\controller\Category.php ]
[ info ] [ VIEW ] D:\xampp\htdocs\ImoocNuomi\Nunu\project\public/../application/admin\view\category\index.html [ array (
) ]
[ info ] [ LOG ] INIT File
---------------------------------------------------------------
[ 2017-07-07T21:51:23+08:00 ] 127.0.0.1 127.0.0.1 GET /admin/category
[ info ] nunu.com/admin/category [运行时间：0.027002s][吞吐率：37.03req/s] [内存消耗：1,445.89kb] [文件加载：37]
[ info ] [ LANG ] D:\xampp\htdocs\ImoocNuomi\Nunu\project\thinkphp\lang\zh-cn.php
[ info ] [ ROUTE ] array (
  'type' => 'module',
  'module' => 
  array (
    0 => 'admin',
    1 => 'category',
    2 => NULL,
  ),
)
[ info ] [ HEADER ] array (
  'host' => 'nunu.com',
  'connection' => 'keep-alive',
  'cache-control' => 'max-age=0',
  'upgrade-insecure-requests' => '1',
  'user-agent' => 'Mozilla/5.0 (Windows NT 6.1; Win64; x64) AppleWebKit/537.36 (KHTML, like Gecko) Chrome/59.0.3071.86 Safari/537.36',
  'accept' => 'text/html,application/xhtml+xml,application/xml;q=0.9,image/webp,image/apng,*/*;q=0.8',
  'accept-encoding' => 'gzip, deflate',
  'accept-language' => 'zh-CN,zh;q=0.8,en;q=0.6,zh-TW;q=0.4',
)
[ info ] [ PARAM ] array (
)
[ info ] [ RUN ] app\admin\controller\Category->index[ D:\xampp\htdocs\ImoocNuomi\Nunu\project\application\admin\controller\Category.php ]
[ info ] [ VIEW ] D:\xampp\htdocs\ImoocNuomi\Nunu\project\public/../application/admin\view\category\index.html [ array (
) ]
[ info ] [ LOG ] INIT File
---------------------------------------------------------------
[ 2017-07-07T21:52:06+08:00 ] 127.0.0.1 127.0.0.1 GET /admin/category
[ info ] nunu.com/admin/category [运行时间：0.041003s][吞吐率：24.39req/s] [内存消耗：1,608.68kb] [文件加载：39]
[ info ] [ LANG ] D:\xampp\htdocs\ImoocNuomi\Nunu\project\thinkphp\lang\zh-cn.php
[ info ] [ ROUTE ] array (
  'type' => 'module',
  'module' => 
  array (
    0 => 'admin',
    1 => 'category',
    2 => NULL,
  ),
)
[ info ] [ HEADER ] array (
  'host' => 'nunu.com',
  'connection' => 'keep-alive',
  'cache-control' => 'max-age=0',
  'upgrade-insecure-requests' => '1',
  'user-agent' => 'Mozilla/5.0 (Windows NT 6.1; Win64; x64) AppleWebKit/537.36 (KHTML, like Gecko) Chrome/59.0.3071.86 Safari/537.36',
  'accept' => 'text/html,application/xhtml+xml,application/xml;q=0.9,image/webp,image/apng,*/*;q=0.8',
  'accept-encoding' => 'gzip, deflate',
  'accept-language' => 'zh-CN,zh;q=0.8,en;q=0.6,zh-TW;q=0.4',
)
[ info ] [ PARAM ] array (
)
[ info ] [ RUN ] app\admin\controller\Category->index[ D:\xampp\htdocs\ImoocNuomi\Nunu\project\application\admin\controller\Category.php ]
[ info ] [ VIEW ] D:\xampp\htdocs\ImoocNuomi\Nunu\project\public/../application/admin\view\category\index.html [ array (
) ]
[ info ] [ LOG ] INIT File
---------------------------------------------------------------
[ 2017-07-07T21:52:25+08:00 ] 127.0.0.1 127.0.0.1 GET /admin/category
[ info ] nunu.com/admin/category [运行时间：0.028002s][吞吐率：35.71req/s] [内存消耗：1,445.93kb] [文件加载：37]
[ info ] [ LANG ] D:\xampp\htdocs\ImoocNuomi\Nunu\project\thinkphp\lang\zh-cn.php
[ info ] [ ROUTE ] array (
  'type' => 'module',
  'module' => 
  array (
    0 => 'admin',
    1 => 'category',
    2 => NULL,
  ),
)
[ info ] [ HEADER ] array (
  'host' => 'nunu.com',
  'connection' => 'keep-alive',
  'cache-control' => 'max-age=0',
  'upgrade-insecure-requests' => '1',
  'user-agent' => 'Mozilla/5.0 (Windows NT 6.1; Win64; x64) AppleWebKit/537.36 (KHTML, like Gecko) Chrome/59.0.3071.86 Safari/537.36',
  'accept' => 'text/html,application/xhtml+xml,application/xml;q=0.9,image/webp,image/apng,*/*;q=0.8',
  'accept-encoding' => 'gzip, deflate',
  'accept-language' => 'zh-CN,zh;q=0.8,en;q=0.6,zh-TW;q=0.4',
)
[ info ] [ PARAM ] array (
)
[ info ] [ RUN ] app\admin\controller\Category->index[ D:\xampp\htdocs\ImoocNuomi\Nunu\project\application\admin\controller\Category.php ]
[ info ] [ VIEW ] D:\xampp\htdocs\ImoocNuomi\Nunu\project\public/../application/admin\view\category\index.html [ array (
) ]
[ info ] [ LOG ] INIT File
