---------------------------------------------------------------
[ 2017-05-05T17:11:07+08:00 ] 127.0.0.1 127.0.0.1 GET /ImoocNuomi/NuoMiImooc/project/public/
[ info ] 127.0.0.1/ImoocNuomi/NuoMiImooc/project/public/ [运行时间：0.028002s][吞吐率：35.71req/s] [内存消耗：981.42kb] [文件加载：28]
[ info ] [ LANG ] D:\xampp\htdocs\ImoocNuomi\NuoMiImooc\project\thinkphp\lang\zh-cn.php
[ info ] [ ROUTE ] array (
  'type' => 'module',
  'module' => 
  array (
    0 => '',
    1 => NULL,
    2 => NULL,
  ),
)
[ info ] [ HEADER ] array (
  'host' => '127.0.0.1',
  'connection' => 'keep-alive',
  'upgrade-insecure-requests' => '1',
  'user-agent' => 'Mozilla/5.0 (Windows NT 6.1; Win64; x64) AppleWebKit/537.36 (KHTML, like Gecko) Chrome/57.0.2987.110 Safari/537.36',
  'accept' => 'text/html,application/xhtml+xml,application/xml;q=0.9,image/webp,*/*;q=0.8',
  'referer' => 'http://127.0.0.1/ImoocNuomi/NuoMiImooc/project/',
  'accept-encoding' => 'gzip, deflate, sdch, br',
  'accept-language' => 'zh-CN,zh;q=0.8,en;q=0.6,zh-TW;q=0.4',
)
[ info ] [ PARAM ] array (
)
[ info ] [ RUN ] app\index\controller\Index->index[ D:\xampp\htdocs\ImoocNuomi\NuoMiImooc\project\application\index\controller\Index.php ]
[ info ] [ LOG ] INIT File
