---------------------------------------------------------------
[ 2017-05-09T09:56:23+08:00 ] 127.0.0.1 127.0.0.1 GET /ImoocNuomi/NuoMiImooc/project/public/index.php?s=index
[ info ] 127.0.0.1/ImoocNuomi/NuoMiImooc/project/public/index.php?s=index [运行时间：0.049003s][吞吐率：20.41req/s] [内存消耗：1,347.80kb] [文件加载：37]
[ info ] [ LANG ] D:\xampp\htdocs\ImoocNuomi\NuoMiImooc\project\thinkphp\lang\zh-cn.php
[ info ] [ ROUTE ] array (
  'type' => 'module',
  'module' => 
  array (
    0 => 'index',
    1 => NULL,
    2 => NULL,
  ),
)
[ info ] [ HEADER ] array (
  'host' => '127.0.0.1',
  'connection' => 'keep-alive',
  'upgrade-insecure-requests' => '1',
  'user-agent' => 'Mozilla/5.0 (Windows NT 6.1; Win64; x64) AppleWebKit/537.36 (KHTML, like Gecko) Chrome/57.0.2987.110 Safari/537.36',
  'accept' => 'text/html,application/xhtml+xml,application/xml;q=0.9,image/webp,*/*;q=0.8',
  'accept-encoding' => 'gzip, deflate, sdch, br',
  'accept-language' => 'zh-CN,zh;q=0.8,en;q=0.6,zh-TW;q=0.4',
)
[ info ] [ PARAM ] array (
)
[ info ] [ RUN ] app\index\controller\Index->index[ D:\xampp\htdocs\ImoocNuomi\NuoMiImooc\project\application\index\controller\Index.php ]
[ info ] [ VIEW ] D:\xampp\htdocs\ImoocNuomi\NuoMiImooc\project\public/../application/index\view\index\index.html [ array (
) ]
[ info ] [ LOG ] INIT File
---------------------------------------------------------------
[ 2017-05-09T10:12:39+08:00 ] 127.0.0.1 127.0.0.1 GET /public/
[ info ] wuyongwei.com/public/ [运行时间：0.027002s][吞吐率：37.03req/s] [内存消耗：1,344.88kb] [文件加载：37]
[ info ] [ LANG ] D:\xampp\htdocs\ImoocNuomi\NuoMiImooc\project\thinkphp\lang\zh-cn.php
[ info ] [ ROUTE ] array (
  'type' => 'module',
  'module' => 
  array (
    0 => '',
    1 => NULL,
    2 => NULL,
  ),
)
[ info ] [ HEADER ] array (
  'host' => 'wuyongwei.com',
  'connection' => 'keep-alive',
  'upgrade-insecure-requests' => '1',
  'user-agent' => 'Mozilla/5.0 (Windows NT 6.1; Win64; x64) AppleWebKit/537.36 (KHTML, like Gecko) Chrome/57.0.2987.110 Safari/537.36',
  'accept' => 'text/html,application/xhtml+xml,application/xml;q=0.9,image/webp,*/*;q=0.8',
  'referer' => 'http://wuyongwei.com/',
  'accept-encoding' => 'gzip, deflate, sdch',
  'accept-language' => 'zh-CN,zh;q=0.8,en;q=0.6,zh-TW;q=0.4',
)
[ info ] [ PARAM ] array (
)
[ info ] [ RUN ] app\index\controller\Index->index[ D:\xampp\htdocs\ImoocNuomi\NuoMiImooc\project\application\index\controller\Index.php ]
[ info ] [ VIEW ] D:\xampp\htdocs\ImoocNuomi\NuoMiImooc\project\public/../application/index\view\index\index.html [ array (
) ]
[ info ] [ LOG ] INIT File
---------------------------------------------------------------
[ 2017-05-09T10:13:37+08:00 ] 127.0.0.1 127.0.0.1 GET /public/user/login.html
[ info ] wuyongwei.com/public/user/login.html [运行时间：0.029001s][吞吐率：34.48req/s] [内存消耗：1,014.46kb] [文件加载：30]
[ info ] [ LANG ] D:\xampp\htdocs\ImoocNuomi\NuoMiImooc\project\thinkphp\lang\zh-cn.php
[ info ] [ ROUTE ] array (
  'type' => 'module',
  'module' => 
  array (
    0 => 'user',
    1 => 'login',
    2 => NULL,
  ),
)
[ info ] [ HEADER ] array (
  'host' => 'wuyongwei.com',
  'connection' => 'keep-alive',
  'upgrade-insecure-requests' => '1',
  'user-agent' => 'Mozilla/5.0 (Windows NT 6.1; Win64; x64) AppleWebKit/537.36 (KHTML, like Gecko) Chrome/57.0.2987.110 Safari/537.36',
  'accept' => 'text/html,application/xhtml+xml,application/xml;q=0.9,image/webp,*/*;q=0.8',
  'referer' => 'http://wuyongwei.com/public/',
  'accept-encoding' => 'gzip, deflate, sdch',
  'accept-language' => 'zh-CN,zh;q=0.8,en;q=0.6,zh-TW;q=0.4',
)
[ info ] [ PARAM ] array (
)
[ info ] [ LOG ] INIT File
---------------------------------------------------------------
[ 2017-05-09T10:17:51+08:00 ] 127.0.0.1 127.0.0.1 GET /index.php?s=index
[ info ] wuyongwei.com/index.php?s=index [运行时间：0.029001s][吞吐率：34.48req/s] [内存消耗：1,347.65kb] [文件加载：37]
[ info ] [ LANG ] D:\xampp\htdocs\ImoocNuomi\NuoMiImooc\project\thinkphp\lang\zh-cn.php
[ info ] [ ROUTE ] array (
  'type' => 'module',
  'module' => 
  array (
    0 => 'index',
    1 => NULL,
    2 => NULL,
  ),
)
[ info ] [ HEADER ] array (
  'host' => 'wuyongwei.com',
  'connection' => 'keep-alive',
  'upgrade-insecure-requests' => '1',
  'user-agent' => 'Mozilla/5.0 (Windows NT 6.1; Win64; x64) AppleWebKit/537.36 (KHTML, like Gecko) Chrome/57.0.2987.110 Safari/537.36',
  'accept' => 'text/html,application/xhtml+xml,application/xml;q=0.9,image/webp,*/*;q=0.8',
  'accept-encoding' => 'gzip, deflate, sdch',
  'accept-language' => 'zh-CN,zh;q=0.8,en;q=0.6,zh-TW;q=0.4',
)
[ info ] [ PARAM ] array (
)
[ info ] [ RUN ] app\index\controller\Index->index[ D:\xampp\htdocs\ImoocNuomi\NuoMiImooc\project\application\index\controller\Index.php ]
[ info ] [ VIEW ] D:\xampp\htdocs\ImoocNuomi\NuoMiImooc\project\public/../application/index\view\index\index.html [ array (
) ]
[ info ] [ LOG ] INIT File
---------------------------------------------------------------
[ 2017-05-09T10:18:02+08:00 ] 127.0.0.1 127.0.0.1 GET /index.php?s=admin
[ info ] wuyongwei.com/index.php?s=admin [运行时间：0.031002s][吞吐率：32.26req/s] [内存消耗：1,323.85kb] [文件加载：38]
[ info ] [ LANG ] D:\xampp\htdocs\ImoocNuomi\NuoMiImooc\project\thinkphp\lang\zh-cn.php
[ info ] [ ROUTE ] array (
  'type' => 'module',
  'module' => 
  array (
    0 => 'admin',
    1 => NULL,
    2 => NULL,
  ),
)
[ info ] [ HEADER ] array (
  'host' => 'wuyongwei.com',
  'connection' => 'keep-alive',
  'upgrade-insecure-requests' => '1',
  'user-agent' => 'Mozilla/5.0 (Windows NT 6.1; Win64; x64) AppleWebKit/537.36 (KHTML, like Gecko) Chrome/57.0.2987.110 Safari/537.36',
  'accept' => 'text/html,application/xhtml+xml,application/xml;q=0.9,image/webp,*/*;q=0.8',
  'accept-encoding' => 'gzip, deflate, sdch',
  'accept-language' => 'zh-CN,zh;q=0.8,en;q=0.6,zh-TW;q=0.4',
)
[ info ] [ PARAM ] array (
)
[ info ] [ RUN ] app\admin\controller\Index->index[ D:\xampp\htdocs\ImoocNuomi\NuoMiImooc\project\application\admin\controller\Index.php ]
[ info ] [ VIEW ] D:\xampp\htdocs\ImoocNuomi\NuoMiImooc\project\public/../application/admin\view\index\index.html [ array (
) ]
[ info ] [ LOG ] INIT File
---------------------------------------------------------------
[ 2017-05-09T10:18:02+08:00 ] 127.0.0.1 127.0.0.1 GET /index.php/admin/index/welcome.html
[ info ] wuyongwei.com/index.php/admin/index/welcome.html [运行时间：0.033001s][吞吐率：30.30req/s] [内存消耗：1,259.49kb] [文件加载：36]
[ info ] [ LANG ] D:\xampp\htdocs\ImoocNuomi\NuoMiImooc\project\thinkphp\lang\zh-cn.php
[ info ] [ ROUTE ] array (
  'type' => 'module',
  'module' => 
  array (
    0 => 'admin',
    1 => 'index',
    2 => 'welcome',
  ),
)
[ info ] [ HEADER ] array (
  'host' => 'wuyongwei.com',
  'connection' => 'keep-alive',
  'upgrade-insecure-requests' => '1',
  'user-agent' => 'Mozilla/5.0 (Windows NT 6.1; Win64; x64) AppleWebKit/537.36 (KHTML, like Gecko) Chrome/57.0.2987.110 Safari/537.36',
  'accept' => 'text/html,application/xhtml+xml,application/xml;q=0.9,image/webp,*/*;q=0.8',
  'referer' => 'http://wuyongwei.com/index.php?s=admin',
  'accept-encoding' => 'gzip, deflate, sdch',
  'accept-language' => 'zh-CN,zh;q=0.8,en;q=0.6,zh-TW;q=0.4',
)
[ info ] [ PARAM ] array (
)
[ info ] [ RUN ] app\admin\controller\Index->welcome[ D:\xampp\htdocs\ImoocNuomi\NuoMiImooc\project\application\admin\controller\Index.php ]
[ info ] [ LOG ] INIT File
---------------------------------------------------------------
[ 2017-05-09T10:18:09+08:00 ] 127.0.0.1 127.0.0.1 GET /index.php/admin
[ info ] wuyongwei.com/index.php/admin [运行时间：0.025001s][吞吐率：40.00req/s] [内存消耗：1,320.92kb] [文件加载：38]
[ info ] [ LANG ] D:\xampp\htdocs\ImoocNuomi\NuoMiImooc\project\thinkphp\lang\zh-cn.php
[ info ] [ ROUTE ] array (
  'type' => 'module',
  'module' => 
  array (
    0 => 'admin',
    1 => NULL,
    2 => NULL,
  ),
)
[ info ] [ HEADER ] array (
  'host' => 'wuyongwei.com',
  'connection' => 'keep-alive',
  'upgrade-insecure-requests' => '1',
  'user-agent' => 'Mozilla/5.0 (Windows NT 6.1; Win64; x64) AppleWebKit/537.36 (KHTML, like Gecko) Chrome/57.0.2987.110 Safari/537.36',
  'accept' => 'text/html,application/xhtml+xml,application/xml;q=0.9,image/webp,*/*;q=0.8',
  'accept-encoding' => 'gzip, deflate, sdch',
  'accept-language' => 'zh-CN,zh;q=0.8,en;q=0.6,zh-TW;q=0.4',
)
[ info ] [ PARAM ] array (
)
[ info ] [ RUN ] app\admin\controller\Index->index[ D:\xampp\htdocs\ImoocNuomi\NuoMiImooc\project\application\admin\controller\Index.php ]
[ info ] [ VIEW ] D:\xampp\htdocs\ImoocNuomi\NuoMiImooc\project\public/../application/admin\view\index\index.html [ array (
) ]
[ info ] [ LOG ] INIT File
---------------------------------------------------------------
[ 2017-05-09T10:18:09+08:00 ] 127.0.0.1 127.0.0.1 GET /index.php/static/admin/hui/lib/Hui-iconfont/1.0.7/iconfont.css
[ info ] wuyongwei.com/index.php/static/admin/hui/lib/Hui-iconfont/1.0.7/iconfont.css [运行时间：0.020002s][吞吐率：49.99req/s] [内存消耗：1,014.77kb] [文件加载：30]
[ info ] [ LANG ] D:\xampp\htdocs\ImoocNuomi\NuoMiImooc\project\thinkphp\lang\zh-cn.php
[ info ] [ ROUTE ] array (
  'type' => 'module',
  'module' => 
  array (
    0 => 'static',
    1 => 'admin',
    2 => 'hui',
  ),
)
[ info ] [ HEADER ] array (
  'host' => 'wuyongwei.com',
  'connection' => 'keep-alive',
  'user-agent' => 'Mozilla/5.0 (Windows NT 6.1; Win64; x64) AppleWebKit/537.36 (KHTML, like Gecko) Chrome/57.0.2987.110 Safari/537.36',
  'accept' => 'text/css,*/*;q=0.1',
  'referer' => 'http://wuyongwei.com/index.php/admin',
  'accept-encoding' => 'gzip, deflate, sdch',
  'accept-language' => 'zh-CN,zh;q=0.8,en;q=0.6,zh-TW;q=0.4',
)
[ info ] [ PARAM ] array (
  'lib' => 'Hui-iconfont',
  0 => 'iconfont.css',
)
[ info ] [ LOG ] INIT File
---------------------------------------------------------------
[ 2017-05-09T10:18:09+08:00 ] 127.0.0.1 127.0.0.1 GET /index.php/static/admin/hui/lib/icheck/icheck.css
[ info ] wuyongwei.com/index.php/static/admin/hui/lib/icheck/icheck.css [运行时间：0.029001s][吞吐率：34.48req/s] [内存消耗：1,014.48kb] [文件加载：30]
[ info ] [ LANG ] D:\xampp\htdocs\ImoocNuomi\NuoMiImooc\project\thinkphp\lang\zh-cn.php
[ info ] [ ROUTE ] array (
  'type' => 'module',
  'module' => 
  array (
    0 => 'static',
    1 => 'admin',
    2 => 'hui',
  ),
)
[ info ] [ HEADER ] array (
  'host' => 'wuyongwei.com',
  'connection' => 'keep-alive',
  'user-agent' => 'Mozilla/5.0 (Windows NT 6.1; Win64; x64) AppleWebKit/537.36 (KHTML, like Gecko) Chrome/57.0.2987.110 Safari/537.36',
  'accept' => 'text/css,*/*;q=0.1',
  'referer' => 'http://wuyongwei.com/index.php/admin',
  'accept-encoding' => 'gzip, deflate, sdch',
  'accept-language' => 'zh-CN,zh;q=0.8,en;q=0.6,zh-TW;q=0.4',
)
[ info ] [ PARAM ] array (
  'lib' => 'icheck',
)
[ info ] [ LOG ] INIT File
---------------------------------------------------------------
[ 2017-05-09T10:18:09+08:00 ] 127.0.0.1 127.0.0.1 GET /index.php/static/admin/hui/static/h-ui/css/H-ui.min.css
[ info ] wuyongwei.com/index.php/static/admin/hui/static/h-ui/css/H-ui.min.css [运行时间：0.077005s][吞吐率：12.99req/s] [内存消耗：1,014.68kb] [文件加载：30]
[ info ] [ LANG ] D:\xampp\htdocs\ImoocNuomi\NuoMiImooc\project\thinkphp\lang\zh-cn.php
[ info ] [ ROUTE ] array (
  'type' => 'module',
  'module' => 
  array (
    0 => 'static',
    1 => 'admin',
    2 => 'hui',
  ),
)
[ info ] [ HEADER ] array (
  'host' => 'wuyongwei.com',
  'connection' => 'keep-alive',
  'user-agent' => 'Mozilla/5.0 (Windows NT 6.1; Win64; x64) AppleWebKit/537.36 (KHTML, like Gecko) Chrome/57.0.2987.110 Safari/537.36',
  'accept' => 'text/css,*/*;q=0.1',
  'referer' => 'http://wuyongwei.com/index.php/admin',
  'accept-encoding' => 'gzip, deflate, sdch',
  'accept-language' => 'zh-CN,zh;q=0.8,en;q=0.6,zh-TW;q=0.4',
)
[ info ] [ PARAM ] array (
  'static' => 'h-ui',
  'css' => 'H-ui.min.css',
)
[ info ] [ LOG ] INIT File
---------------------------------------------------------------
[ 2017-05-09T10:18:09+08:00 ] 127.0.0.1 127.0.0.1 GET /index.php/static/admin/hui/static/h-ui.admin/css/H-ui.admin.css
[ info ] wuyongwei.com/index.php/static/admin/hui/static/h-ui.admin/css/H-ui.admin.css [运行时间：0.087005s][吞吐率：11.49req/s] [内存消耗：1,014.80kb] [文件加载：30]
[ info ] [ LANG ] D:\xampp\htdocs\ImoocNuomi\NuoMiImooc\project\thinkphp\lang\zh-cn.php
[ info ] [ ROUTE ] array (
  'type' => 'module',
  'module' => 
  array (
    0 => 'static',
    1 => 'admin',
    2 => 'hui',
  ),
)
[ info ] [ HEADER ] array (
  'host' => 'wuyongwei.com',
  'connection' => 'keep-alive',
  'user-agent' => 'Mozilla/5.0 (Windows NT 6.1; Win64; x64) AppleWebKit/537.36 (KHTML, like Gecko) Chrome/57.0.2987.110 Safari/537.36',
  'accept' => 'text/css,*/*;q=0.1',
  'referer' => 'http://wuyongwei.com/index.php/admin',
  'accept-encoding' => 'gzip, deflate, sdch',
  'accept-language' => 'zh-CN,zh;q=0.8,en;q=0.6,zh-TW;q=0.4',
)
[ info ] [ PARAM ] array (
  'static' => 'h-ui.admin',
  'css' => 'H-ui.admin.css',
)
[ info ] [ LOG ] INIT File
---------------------------------------------------------------
[ 2017-05-09T10:18:09+08:00 ] 127.0.0.1 127.0.0.1 GET /index.php/static/admin/hui/static/h-ui.admin/skin/default/skin.css
[ info ] wuyongwei.com/index.php/static/admin/hui/static/h-ui.admin/skin/default/skin.css [运行时间：0.082005s][吞吐率：12.19req/s] [内存消耗：1,014.87kb] [文件加载：30]
[ info ] [ LANG ] D:\xampp\htdocs\ImoocNuomi\NuoMiImooc\project\thinkphp\lang\zh-cn.php
[ info ] [ ROUTE ] array (
  'type' => 'module',
  'module' => 
  array (
    0 => 'static',
    1 => 'admin',
    2 => 'hui',
  ),
)
[ info ] [ HEADER ] array (
  'host' => 'wuyongwei.com',
  'connection' => 'keep-alive',
  'user-agent' => 'Mozilla/5.0 (Windows NT 6.1; Win64; x64) AppleWebKit/537.36 (KHTML, like Gecko) Chrome/57.0.2987.110 Safari/537.36',
  'accept' => 'text/css,*/*;q=0.1',
  'referer' => 'http://wuyongwei.com/index.php/admin',
  'accept-encoding' => 'gzip, deflate, sdch',
  'accept-language' => 'zh-CN,zh;q=0.8,en;q=0.6,zh-TW;q=0.4',
)
[ info ] [ PARAM ] array (
  'static' => 'h-ui.admin',
  'skin' => 'default',
)
[ info ] [ LOG ] INIT File
---------------------------------------------------------------
[ 2017-05-09T10:18:09+08:00 ] 127.0.0.1 127.0.0.1 GET /index.php/static/admin/hui/static/h-ui.admin/css/style.css
[ info ] wuyongwei.com/index.php/static/admin/hui/static/h-ui.admin/css/style.css [运行时间：0.081005s][吞吐率：12.34req/s] [内存消耗：1,014.84kb] [文件加载：30]
[ info ] [ LANG ] D:\xampp\htdocs\ImoocNuomi\NuoMiImooc\project\thinkphp\lang\zh-cn.php
[ info ] [ ROUTE ] array (
  'type' => 'module',
  'module' => 
  array (
    0 => 'static',
    1 => 'admin',
    2 => 'hui',
  ),
)
[ info ] [ HEADER ] array (
  'host' => 'wuyongwei.com',
  'connection' => 'keep-alive',
  'user-agent' => 'Mozilla/5.0 (Windows NT 6.1; Win64; x64) AppleWebKit/537.36 (KHTML, like Gecko) Chrome/57.0.2987.110 Safari/537.36',
  'accept' => 'text/css,*/*;q=0.1',
  'referer' => 'http://wuyongwei.com/index.php/admin',
  'accept-encoding' => 'gzip, deflate, sdch',
  'accept-language' => 'zh-CN,zh;q=0.8,en;q=0.6,zh-TW;q=0.4',
)
[ info ] [ PARAM ] array (
  'static' => 'h-ui.admin',
  'css' => 'style.css',
)
[ info ] [ LOG ] INIT File
---------------------------------------------------------------
[ 2017-05-09T10:18:09+08:00 ] 127.0.0.1 127.0.0.1 GET /index.php/static/admin/uploadify/uploadify.css
[ info ] wuyongwei.com/index.php/static/admin/uploadify/uploadify.css [运行时间：0.030001s][吞吐率：33.33req/s] [内存消耗：1,014.13kb] [文件加载：30]
[ info ] [ LANG ] D:\xampp\htdocs\ImoocNuomi\NuoMiImooc\project\thinkphp\lang\zh-cn.php
[ info ] [ ROUTE ] array (
  'type' => 'module',
  'module' => 
  array (
    0 => 'static',
    1 => 'admin',
    2 => 'uploadify',
  ),
)
[ info ] [ HEADER ] array (
  'host' => 'wuyongwei.com',
  'connection' => 'keep-alive',
  'user-agent' => 'Mozilla/5.0 (Windows NT 6.1; Win64; x64) AppleWebKit/537.36 (KHTML, like Gecko) Chrome/57.0.2987.110 Safari/537.36',
  'accept' => 'text/css,*/*;q=0.1',
  'referer' => 'http://wuyongwei.com/index.php/admin',
  'accept-encoding' => 'gzip, deflate, sdch',
  'accept-language' => 'zh-CN,zh;q=0.8,en;q=0.6,zh-TW;q=0.4',
)
[ info ] [ PARAM ] array (
)
[ info ] [ LOG ] INIT File
---------------------------------------------------------------
[ 2017-05-09T10:18:09+08:00 ] 127.0.0.1 127.0.0.1 GET /index.php/static/admin/css/common.css
[ info ] wuyongwei.com/index.php/static/admin/css/common.css [运行时间：0.034002s][吞吐率：29.41req/s] [内存消耗：1,014.05kb] [文件加载：30]
[ info ] [ LANG ] D:\xampp\htdocs\ImoocNuomi\NuoMiImooc\project\thinkphp\lang\zh-cn.php
[ info ] [ ROUTE ] array (
  'type' => 'module',
  'module' => 
  array (
    0 => 'static',
    1 => 'admin',
    2 => 'css',
  ),
)
[ info ] [ HEADER ] array (
  'host' => 'wuyongwei.com',
  'connection' => 'keep-alive',
  'user-agent' => 'Mozilla/5.0 (Windows NT 6.1; Win64; x64) AppleWebKit/537.36 (KHTML, like Gecko) Chrome/57.0.2987.110 Safari/537.36',
  'accept' => 'text/css,*/*;q=0.1',
  'referer' => 'http://wuyongwei.com/index.php/admin',
  'accept-encoding' => 'gzip, deflate, sdch',
  'accept-language' => 'zh-CN,zh;q=0.8,en;q=0.6,zh-TW;q=0.4',
)
[ info ] [ PARAM ] array (
)
[ info ] [ LOG ] INIT File
---------------------------------------------------------------
[ 2017-05-09T10:18:09+08:00 ] 127.0.0.1 127.0.0.1 GET /index.php/static/admin/hui/lib/jquery/1.9.1/jquery.min.js
[ info ] wuyongwei.com/index.php/static/admin/hui/lib/jquery/1.9.1/jquery.min.js [运行时间：0.039002s][吞吐率：25.64req/s] [内存消耗：1,014.64kb] [文件加载：30]
[ info ] [ LANG ] D:\xampp\htdocs\ImoocNuomi\NuoMiImooc\project\thinkphp\lang\zh-cn.php
[ info ] [ ROUTE ] array (
  'type' => 'module',
  'module' => 
  array (
    0 => 'static',
    1 => 'admin',
    2 => 'hui',
  ),
)
[ info ] [ HEADER ] array (
  'host' => 'wuyongwei.com',
  'connection' => 'keep-alive',
  'user-agent' => 'Mozilla/5.0 (Windows NT 6.1; Win64; x64) AppleWebKit/537.36 (KHTML, like Gecko) Chrome/57.0.2987.110 Safari/537.36',
  'accept' => '*/*',
  'referer' => 'http://wuyongwei.com/index.php/admin',
  'accept-encoding' => 'gzip, deflate, sdch',
  'accept-language' => 'zh-CN,zh;q=0.8,en;q=0.6,zh-TW;q=0.4',
)
[ info ] [ PARAM ] array (
  'lib' => 'jquery',
  0 => 'jquery.min.js',
)
[ info ] [ LOG ] INIT File
---------------------------------------------------------------
[ 2017-05-09T10:18:09+08:00 ] 127.0.0.1 127.0.0.1 GET /index.php/static/admin/hui/lib/layer/2.1/layer.js
[ info ] wuyongwei.com/index.php/static/admin/hui/lib/layer/2.1/layer.js [运行时间：0.035002s][吞吐率：28.57req/s] [内存消耗：1,014.59kb] [文件加载：30]
[ info ] [ LANG ] D:\xampp\htdocs\ImoocNuomi\NuoMiImooc\project\thinkphp\lang\zh-cn.php
[ info ] [ ROUTE ] array (
  'type' => 'module',
  'module' => 
  array (
    0 => 'static',
    1 => 'admin',
    2 => 'hui',
  ),
)
[ info ] [ HEADER ] array (
  'host' => 'wuyongwei.com',
  'connection' => 'keep-alive',
  'user-agent' => 'Mozilla/5.0 (Windows NT 6.1; Win64; x64) AppleWebKit/537.36 (KHTML, like Gecko) Chrome/57.0.2987.110 Safari/537.36',
  'accept' => '*/*',
  'referer' => 'http://wuyongwei.com/index.php/admin',
  'accept-encoding' => 'gzip, deflate, sdch',
  'accept-language' => 'zh-CN,zh;q=0.8,en;q=0.6,zh-TW;q=0.4',
)
[ info ] [ PARAM ] array (
  'lib' => 'layer',
  0 => 'layer.js',
)
[ info ] [ LOG ] INIT File
---------------------------------------------------------------
[ 2017-05-09T10:18:09+08:00 ] 127.0.0.1 127.0.0.1 GET /index.php/static/admin/hui/lib/jquery.validation/1.14.0/validate-methods.js
[ info ] wuyongwei.com/index.php/static/admin/hui/lib/jquery.validation/1.14.0/validate-methods.js [运行时间：0.033002s][吞吐率：30.30req/s] [内存消耗：1,014.87kb] [文件加载：30]
[ info ] [ LANG ] D:\xampp\htdocs\ImoocNuomi\NuoMiImooc\project\thinkphp\lang\zh-cn.php
[ info ] [ ROUTE ] array (
  'type' => 'module',
  'module' => 
  array (
    0 => 'static',
    1 => 'admin',
    2 => 'hui',
  ),
)
[ info ] [ HEADER ] array (
  'host' => 'wuyongwei.com',
  'connection' => 'keep-alive',
  'user-agent' => 'Mozilla/5.0 (Windows NT 6.1; Win64; x64) AppleWebKit/537.36 (KHTML, like Gecko) Chrome/57.0.2987.110 Safari/537.36',
  'accept' => '*/*',
  'referer' => 'http://wuyongwei.com/index.php/admin',
  'accept-encoding' => 'gzip, deflate, sdch',
  'accept-language' => 'zh-CN,zh;q=0.8,en;q=0.6,zh-TW;q=0.4',
)
[ info ] [ PARAM ] array (
  'lib' => 'jquery.validation',
  0 => 'validate-methods.js',
)
[ info ] [ LOG ] INIT File
---------------------------------------------------------------
[ 2017-05-09T10:18:09+08:00 ] 127.0.0.1 127.0.0.1 GET /index.php/admin/index/welcome.html
[ info ] wuyongwei.com/index.php/admin/index/welcome.html [运行时间：0.044003s][吞吐率：22.73req/s] [内存消耗：1,259.49kb] [文件加载：36]
[ info ] [ LANG ] D:\xampp\htdocs\ImoocNuomi\NuoMiImooc\project\thinkphp\lang\zh-cn.php
[ info ] [ ROUTE ] array (
  'type' => 'module',
  'module' => 
  array (
    0 => 'admin',
    1 => 'index',
    2 => 'welcome',
  ),
)
[ info ] [ HEADER ] array (
  'host' => 'wuyongwei.com',
  'connection' => 'keep-alive',
  'upgrade-insecure-requests' => '1',
  'user-agent' => 'Mozilla/5.0 (Windows NT 6.1; Win64; x64) AppleWebKit/537.36 (KHTML, like Gecko) Chrome/57.0.2987.110 Safari/537.36',
  'accept' => 'text/html,application/xhtml+xml,application/xml;q=0.9,image/webp,*/*;q=0.8',
  'referer' => 'http://wuyongwei.com/index.php/admin',
  'accept-encoding' => 'gzip, deflate, sdch',
  'accept-language' => 'zh-CN,zh;q=0.8,en;q=0.6,zh-TW;q=0.4',
)
[ info ] [ PARAM ] array (
)
[ info ] [ RUN ] app\admin\controller\Index->welcome[ D:\xampp\htdocs\ImoocNuomi\NuoMiImooc\project\application\admin\controller\Index.php ]
[ info ] [ LOG ] INIT File
---------------------------------------------------------------
[ 2017-05-09T10:18:09+08:00 ] 127.0.0.1 127.0.0.1 GET /index.php/static/admin/hui/lib/jquery.validation/1.14.0/jquery.validate.min.js
[ info ] wuyongwei.com/index.php/static/admin/hui/lib/jquery.validation/1.14.0/jquery.validate.min.js [运行时间：0.039002s][吞吐率：25.64req/s] [内存消耗：1,014.80kb] [文件加载：30]
[ info ] [ LANG ] D:\xampp\htdocs\ImoocNuomi\NuoMiImooc\project\thinkphp\lang\zh-cn.php
[ info ] [ ROUTE ] array (
  'type' => 'module',
  'module' => 
  array (
    0 => 'static',
    1 => 'admin',
    2 => 'hui',
  ),
)
[ info ] [ HEADER ] array (
  'host' => 'wuyongwei.com',
  'connection' => 'keep-alive',
  'user-agent' => 'Mozilla/5.0 (Windows NT 6.1; Win64; x64) AppleWebKit/537.36 (KHTML, like Gecko) Chrome/57.0.2987.110 Safari/537.36',
  'accept' => '*/*',
  'referer' => 'http://wuyongwei.com/index.php/admin',
  'accept-encoding' => 'gzip, deflate, sdch',
  'accept-language' => 'zh-CN,zh;q=0.8,en;q=0.6,zh-TW;q=0.4',
)
[ info ] [ PARAM ] array (
  'lib' => 'jquery.validation',
  0 => 'jquery.validate.min.js',
)
[ info ] [ LOG ] INIT File
---------------------------------------------------------------
[ 2017-05-09T10:18:09+08:00 ] 127.0.0.1 127.0.0.1 GET /index.php/static/admin/hui/lib/jquery.validation/1.14.0/messages_zh.min.js
[ info ] wuyongwei.com/index.php/static/admin/hui/lib/jquery.validation/1.14.0/messages_zh.min.js [运行时间：0.042002s][吞吐率：23.81req/s] [内存消耗：1,014.88kb] [文件加载：30]
[ info ] [ LANG ] D:\xampp\htdocs\ImoocNuomi\NuoMiImooc\project\thinkphp\lang\zh-cn.php
[ info ] [ ROUTE ] array (
  'type' => 'module',
  'module' => 
  array (
    0 => 'static',
    1 => 'admin',
    2 => 'hui',
  ),
)
[ info ] [ HEADER ] array (
  'host' => 'wuyongwei.com',
  'connection' => 'keep-alive',
  'user-agent' => 'Mozilla/5.0 (Windows NT 6.1; Win64; x64) AppleWebKit/537.36 (KHTML, like Gecko) Chrome/57.0.2987.110 Safari/537.36',
  'accept' => '*/*',
  'referer' => 'http://wuyongwei.com/index.php/admin',
  'accept-encoding' => 'gzip, deflate, sdch',
  'accept-language' => 'zh-CN,zh;q=0.8,en;q=0.6,zh-TW;q=0.4',
)
[ info ] [ PARAM ] array (
  'lib' => 'jquery.validation',
  0 => 'messages_zh.min.js',
)
[ info ] [ LOG ] INIT File
---------------------------------------------------------------
[ 2017-05-09T10:18:09+08:00 ] 127.0.0.1 127.0.0.1 GET /index.php/static/admin/hui/static/h-ui.admin/js/H-ui.admin.js
[ info ] wuyongwei.com/index.php/static/admin/hui/static/h-ui.admin/js/H-ui.admin.js [运行时间：0.028001s][吞吐率：35.71req/s] [内存消耗：1,014.67kb] [文件加载：30]
[ info ] [ LANG ] D:\xampp\htdocs\ImoocNuomi\NuoMiImooc\project\thinkphp\lang\zh-cn.php
[ info ] [ ROUTE ] array (
  'type' => 'module',
  'module' => 
  array (
    0 => 'static',
    1 => 'admin',
    2 => 'hui',
  ),
)
[ info ] [ HEADER ] array (
  'host' => 'wuyongwei.com',
  'connection' => 'keep-alive',
  'user-agent' => 'Mozilla/5.0 (Windows NT 6.1; Win64; x64) AppleWebKit/537.36 (KHTML, like Gecko) Chrome/57.0.2987.110 Safari/537.36',
  'accept' => '*/*',
  'referer' => 'http://wuyongwei.com/index.php/admin',
  'accept-encoding' => 'gzip, deflate, sdch',
  'accept-language' => 'zh-CN,zh;q=0.8,en;q=0.6,zh-TW;q=0.4',
)
[ info ] [ PARAM ] array (
  'static' => 'h-ui.admin',
  'js' => 'H-ui.admin.js',
)
[ info ] [ LOG ] INIT File
---------------------------------------------------------------
[ 2017-05-09T10:18:09+08:00 ] 127.0.0.1 127.0.0.1 GET /index.php/static/admin/js/common.js
[ info ] wuyongwei.com/index.php/static/admin/js/common.js [运行时间：0.029002s][吞吐率：34.48req/s] [内存消耗：1,014.02kb] [文件加载：30]
[ info ] [ LANG ] D:\xampp\htdocs\ImoocNuomi\NuoMiImooc\project\thinkphp\lang\zh-cn.php
[ info ] [ ROUTE ] array (
  'type' => 'module',
  'module' => 
  array (
    0 => 'static',
    1 => 'admin',
    2 => 'js',
  ),
)
[ info ] [ HEADER ] array (
  'host' => 'wuyongwei.com',
  'connection' => 'keep-alive',
  'user-agent' => 'Mozilla/5.0 (Windows NT 6.1; Win64; x64) AppleWebKit/537.36 (KHTML, like Gecko) Chrome/57.0.2987.110 Safari/537.36',
  'accept' => '*/*',
  'referer' => 'http://wuyongwei.com/index.php/admin',
  'accept-encoding' => 'gzip, deflate, sdch',
  'accept-language' => 'zh-CN,zh;q=0.8,en;q=0.6,zh-TW;q=0.4',
)
[ info ] [ PARAM ] array (
)
[ info ] [ LOG ] INIT File
---------------------------------------------------------------
[ 2017-05-09T10:18:09+08:00 ] 127.0.0.1 127.0.0.1 GET /index.php/static/admin/uploadify/jquery.uploadify.min.js
[ info ] wuyongwei.com/index.php/static/admin/uploadify/jquery.uploadify.min.js [运行时间：0.036002s][吞吐率：27.78req/s] [内存消耗：1,014.10kb] [文件加载：30]
[ info ] [ LANG ] D:\xampp\htdocs\ImoocNuomi\NuoMiImooc\project\thinkphp\lang\zh-cn.php
[ info ] [ ROUTE ] array (
  'type' => 'module',
  'module' => 
  array (
    0 => 'static',
    1 => 'admin',
    2 => 'uploadify',
  ),
)
[ info ] [ HEADER ] array (
  'host' => 'wuyongwei.com',
  'connection' => 'keep-alive',
  'user-agent' => 'Mozilla/5.0 (Windows NT 6.1; Win64; x64) AppleWebKit/537.36 (KHTML, like Gecko) Chrome/57.0.2987.110 Safari/537.36',
  'accept' => '*/*',
  'referer' => 'http://wuyongwei.com/index.php/admin',
  'accept-encoding' => 'gzip, deflate, sdch',
  'accept-language' => 'zh-CN,zh;q=0.8,en;q=0.6,zh-TW;q=0.4',
)
[ info ] [ PARAM ] array (
)
[ info ] [ LOG ] INIT File
---------------------------------------------------------------
[ 2017-05-09T10:18:09+08:00 ] 127.0.0.1 127.0.0.1 GET /index.php/static/admin/hui/lib/My97DatePicker/WdatePicker.js
[ info ] wuyongwei.com/index.php/static/admin/hui/lib/My97DatePicker/WdatePicker.js [运行时间：0.133008s][吞吐率：7.52req/s] [内存消耗：1,014.54kb] [文件加载：30]
[ info ] [ LANG ] D:\xampp\htdocs\ImoocNuomi\NuoMiImooc\project\thinkphp\lang\zh-cn.php
[ info ] [ ROUTE ] array (
  'type' => 'module',
  'module' => 
  array (
    0 => 'static',
    1 => 'admin',
    2 => 'hui',
  ),
)
[ info ] [ HEADER ] array (
  'host' => 'wuyongwei.com',
  'connection' => 'keep-alive',
  'user-agent' => 'Mozilla/5.0 (Windows NT 6.1; Win64; x64) AppleWebKit/537.36 (KHTML, like Gecko) Chrome/57.0.2987.110 Safari/537.36',
  'accept' => '*/*',
  'referer' => 'http://wuyongwei.com/index.php/admin',
  'accept-encoding' => 'gzip, deflate, sdch',
  'accept-language' => 'zh-CN,zh;q=0.8,en;q=0.6,zh-TW;q=0.4',
)
[ info ] [ PARAM ] array (
  'lib' => 'My97DatePicker',
)
[ info ] [ LOG ] INIT File
---------------------------------------------------------------
[ 2017-05-09T10:18:09+08:00 ] 127.0.0.1 127.0.0.1 GET /index.php/static/admin/hui/static/h-ui/js/H-ui.js
[ info ] wuyongwei.com/index.php/static/admin/hui/static/h-ui/js/H-ui.js [运行时间：0.092005s][吞吐率：10.87req/s] [内存消耗：1,014.60kb] [文件加载：30]
[ info ] [ LANG ] D:\xampp\htdocs\ImoocNuomi\NuoMiImooc\project\thinkphp\lang\zh-cn.php
[ info ] [ ROUTE ] array (
  'type' => 'module',
  'module' => 
  array (
    0 => 'static',
    1 => 'admin',
    2 => 'hui',
  ),
)
[ info ] [ HEADER ] array (
  'host' => 'wuyongwei.com',
  'connection' => 'keep-alive',
  'user-agent' => 'Mozilla/5.0 (Windows NT 6.1; Win64; x64) AppleWebKit/537.36 (KHTML, like Gecko) Chrome/57.0.2987.110 Safari/537.36',
  'accept' => '*/*',
  'referer' => 'http://wuyongwei.com/index.php/admin',
  'accept-encoding' => 'gzip, deflate, sdch',
  'accept-language' => 'zh-CN,zh;q=0.8,en;q=0.6,zh-TW;q=0.4',
)
[ info ] [ PARAM ] array (
  'static' => 'h-ui',
  'js' => 'H-ui.js',
)
[ info ] [ LOG ] INIT File
---------------------------------------------------------------
[ 2017-05-09T10:18:09+08:00 ] 127.0.0.1 127.0.0.1 GET /index.php/static/admin/js/image.js
[ info ] wuyongwei.com/index.php/static/admin/js/image.js [运行时间：0.049003s][吞吐率：20.41req/s] [内存消耗：1,014.02kb] [文件加载：30]
[ info ] [ LANG ] D:\xampp\htdocs\ImoocNuomi\NuoMiImooc\project\thinkphp\lang\zh-cn.php
[ info ] [ ROUTE ] array (
  'type' => 'module',
  'module' => 
  array (
    0 => 'static',
    1 => 'admin',
    2 => 'js',
  ),
)
[ info ] [ HEADER ] array (
  'host' => 'wuyongwei.com',
  'connection' => 'keep-alive',
  'user-agent' => 'Mozilla/5.0 (Windows NT 6.1; Win64; x64) AppleWebKit/537.36 (KHTML, like Gecko) Chrome/57.0.2987.110 Safari/537.36',
  'accept' => '*/*',
  'referer' => 'http://wuyongwei.com/index.php/admin',
  'accept-encoding' => 'gzip, deflate, sdch',
  'accept-language' => 'zh-CN,zh;q=0.8,en;q=0.6,zh-TW;q=0.4',
)
[ info ] [ PARAM ] array (
)
[ info ] [ LOG ] INIT File
---------------------------------------------------------------
[ 2017-05-09T10:18:09+08:00 ] 127.0.0.1 127.0.0.1 GET /index.php/static/admin/hui/lib/jquery.validation/1.14.0/jquery.validate.min.js
[ info ] wuyongwei.com/index.php/static/admin/hui/lib/jquery.validation/1.14.0/jquery.validate.min.js [运行时间：0.020002s][吞吐率：50.00req/s] [内存消耗：1,014.80kb] [文件加载：30]
[ info ] [ LANG ] D:\xampp\htdocs\ImoocNuomi\NuoMiImooc\project\thinkphp\lang\zh-cn.php
[ info ] [ ROUTE ] array (
  'type' => 'module',
  'module' => 
  array (
    0 => 'static',
    1 => 'admin',
    2 => 'hui',
  ),
)
[ info ] [ HEADER ] array (
  'host' => 'wuyongwei.com',
  'connection' => 'keep-alive',
  'user-agent' => 'Mozilla/5.0 (Windows NT 6.1; Win64; x64) AppleWebKit/537.36 (KHTML, like Gecko) Chrome/57.0.2987.110 Safari/537.36',
  'accept' => '*/*',
  'referer' => 'http://wuyongwei.com/index.php/admin',
  'accept-encoding' => 'gzip, deflate, sdch',
  'accept-language' => 'zh-CN,zh;q=0.8,en;q=0.6,zh-TW;q=0.4',
)
[ info ] [ PARAM ] array (
  'lib' => 'jquery.validation',
  0 => 'jquery.validate.min.js',
)
[ info ] [ LOG ] INIT File
---------------------------------------------------------------
[ 2017-05-09T10:18:09+08:00 ] 127.0.0.1 127.0.0.1 GET /index.php/static/admin/hui/lib/jquery.validation/1.14.0/validate-methods.js
[ info ] wuyongwei.com/index.php/static/admin/hui/lib/jquery.validation/1.14.0/validate-methods.js [运行时间：0.023002s][吞吐率：43.47req/s] [内存消耗：1,014.87kb] [文件加载：30]
[ info ] [ LANG ] D:\xampp\htdocs\ImoocNuomi\NuoMiImooc\project\thinkphp\lang\zh-cn.php
[ info ] [ ROUTE ] array (
  'type' => 'module',
  'module' => 
  array (
    0 => 'static',
    1 => 'admin',
    2 => 'hui',
  ),
)
[ info ] [ HEADER ] array (
  'host' => 'wuyongwei.com',
  'connection' => 'keep-alive',
  'user-agent' => 'Mozilla/5.0 (Windows NT 6.1; Win64; x64) AppleWebKit/537.36 (KHTML, like Gecko) Chrome/57.0.2987.110 Safari/537.36',
  'accept' => '*/*',
  'referer' => 'http://wuyongwei.com/index.php/admin',
  'accept-encoding' => 'gzip, deflate, sdch',
  'accept-language' => 'zh-CN,zh;q=0.8,en;q=0.6,zh-TW;q=0.4',
)
[ info ] [ PARAM ] array (
  'lib' => 'jquery.validation',
  0 => 'validate-methods.js',
)
[ info ] [ LOG ] INIT File
---------------------------------------------------------------
[ 2017-05-09T10:18:09+08:00 ] 127.0.0.1 127.0.0.1 GET /index.php/static/admin/hui/lib/jquery.validation/1.14.0/messages_zh.min.js
[ info ] wuyongwei.com/index.php/static/admin/hui/lib/jquery.validation/1.14.0/messages_zh.min.js [运行时间：0.017001s][吞吐率：58.82req/s] [内存消耗：1,014.88kb] [文件加载：30]
[ info ] [ LANG ] D:\xampp\htdocs\ImoocNuomi\NuoMiImooc\project\thinkphp\lang\zh-cn.php
[ info ] [ ROUTE ] array (
  'type' => 'module',
  'module' => 
  array (
    0 => 'static',
    1 => 'admin',
    2 => 'hui',
  ),
)
[ info ] [ HEADER ] array (
  'host' => 'wuyongwei.com',
  'connection' => 'keep-alive',
  'user-agent' => 'Mozilla/5.0 (Windows NT 6.1; Win64; x64) AppleWebKit/537.36 (KHTML, like Gecko) Chrome/57.0.2987.110 Safari/537.36',
  'accept' => '*/*',
  'referer' => 'http://wuyongwei.com/index.php/admin',
  'accept-encoding' => 'gzip, deflate, sdch',
  'accept-language' => 'zh-CN,zh;q=0.8,en;q=0.6,zh-TW;q=0.4',
)
[ info ] [ PARAM ] array (
  'lib' => 'jquery.validation',
  0 => 'messages_zh.min.js',
)
[ info ] [ LOG ] INIT File
---------------------------------------------------------------
[ 2017-05-09T10:18:09+08:00 ] 127.0.0.1 127.0.0.1 GET /index.php/static/admin/hui/static/h-ui/js/H-ui.js
[ info ] wuyongwei.com/index.php/static/admin/hui/static/h-ui/js/H-ui.js [运行时间：0.018001s][吞吐率：55.55req/s] [内存消耗：1,014.60kb] [文件加载：30]
[ info ] [ LANG ] D:\xampp\htdocs\ImoocNuomi\NuoMiImooc\project\thinkphp\lang\zh-cn.php
[ info ] [ ROUTE ] array (
  'type' => 'module',
  'module' => 
  array (
    0 => 'static',
    1 => 'admin',
    2 => 'hui',
  ),
)
[ info ] [ HEADER ] array (
  'host' => 'wuyongwei.com',
  'connection' => 'keep-alive',
  'user-agent' => 'Mozilla/5.0 (Windows NT 6.1; Win64; x64) AppleWebKit/537.36 (KHTML, like Gecko) Chrome/57.0.2987.110 Safari/537.36',
  'accept' => '*/*',
  'referer' => 'http://wuyongwei.com/index.php/admin',
  'accept-encoding' => 'gzip, deflate, sdch',
  'accept-language' => 'zh-CN,zh;q=0.8,en;q=0.6,zh-TW;q=0.4',
)
[ info ] [ PARAM ] array (
  'static' => 'h-ui',
  'js' => 'H-ui.js',
)
[ info ] [ LOG ] INIT File
---------------------------------------------------------------
[ 2017-05-09T10:18:09+08:00 ] 127.0.0.1 127.0.0.1 GET /index.php/static/admin/hui/static/h-ui.admin/js/H-ui.admin.js
[ info ] wuyongwei.com/index.php/static/admin/hui/static/h-ui.admin/js/H-ui.admin.js [运行时间：0.018001s][吞吐率：55.55req/s] [内存消耗：1,014.67kb] [文件加载：30]
[ info ] [ LANG ] D:\xampp\htdocs\ImoocNuomi\NuoMiImooc\project\thinkphp\lang\zh-cn.php
[ info ] [ ROUTE ] array (
  'type' => 'module',
  'module' => 
  array (
    0 => 'static',
    1 => 'admin',
    2 => 'hui',
  ),
)
[ info ] [ HEADER ] array (
  'host' => 'wuyongwei.com',
  'connection' => 'keep-alive',
  'user-agent' => 'Mozilla/5.0 (Windows NT 6.1; Win64; x64) AppleWebKit/537.36 (KHTML, like Gecko) Chrome/57.0.2987.110 Safari/537.36',
  'accept' => '*/*',
  'referer' => 'http://wuyongwei.com/index.php/admin',
  'accept-encoding' => 'gzip, deflate, sdch',
  'accept-language' => 'zh-CN,zh;q=0.8,en;q=0.6,zh-TW;q=0.4',
)
[ info ] [ PARAM ] array (
  'static' => 'h-ui.admin',
  'js' => 'H-ui.admin.js',
)
[ info ] [ LOG ] INIT File
---------------------------------------------------------------
[ 2017-05-09T10:18:09+08:00 ] 127.0.0.1 127.0.0.1 GET /index.php/static/admin/js/common.js
[ info ] wuyongwei.com/index.php/static/admin/js/common.js [运行时间：0.018001s][吞吐率：55.55req/s] [内存消耗：1,014.02kb] [文件加载：30]
[ info ] [ LANG ] D:\xampp\htdocs\ImoocNuomi\NuoMiImooc\project\thinkphp\lang\zh-cn.php
[ info ] [ ROUTE ] array (
  'type' => 'module',
  'module' => 
  array (
    0 => 'static',
    1 => 'admin',
    2 => 'js',
  ),
)
[ info ] [ HEADER ] array (
  'host' => 'wuyongwei.com',
  'connection' => 'keep-alive',
  'user-agent' => 'Mozilla/5.0 (Windows NT 6.1; Win64; x64) AppleWebKit/537.36 (KHTML, like Gecko) Chrome/57.0.2987.110 Safari/537.36',
  'accept' => '*/*',
  'referer' => 'http://wuyongwei.com/index.php/admin',
  'accept-encoding' => 'gzip, deflate, sdch',
  'accept-language' => 'zh-CN,zh;q=0.8,en;q=0.6,zh-TW;q=0.4',
)
[ info ] [ PARAM ] array (
)
[ info ] [ LOG ] INIT File
---------------------------------------------------------------
[ 2017-05-09T10:18:09+08:00 ] 127.0.0.1 127.0.0.1 GET /index.php/static/admin/uploadify/jquery.uploadify.min.js
[ info ] wuyongwei.com/index.php/static/admin/uploadify/jquery.uploadify.min.js [运行时间：0.018001s][吞吐率：55.55req/s] [内存消耗：1,014.10kb] [文件加载：30]
[ info ] [ LANG ] D:\xampp\htdocs\ImoocNuomi\NuoMiImooc\project\thinkphp\lang\zh-cn.php
[ info ] [ ROUTE ] array (
  'type' => 'module',
  'module' => 
  array (
    0 => 'static',
    1 => 'admin',
    2 => 'uploadify',
  ),
)
[ info ] [ HEADER ] array (
  'host' => 'wuyongwei.com',
  'connection' => 'keep-alive',
  'user-agent' => 'Mozilla/5.0 (Windows NT 6.1; Win64; x64) AppleWebKit/537.36 (KHTML, like Gecko) Chrome/57.0.2987.110 Safari/537.36',
  'accept' => '*/*',
  'referer' => 'http://wuyongwei.com/index.php/admin',
  'accept-encoding' => 'gzip, deflate, sdch',
  'accept-language' => 'zh-CN,zh;q=0.8,en;q=0.6,zh-TW;q=0.4',
)
[ info ] [ PARAM ] array (
)
[ info ] [ LOG ] INIT File
---------------------------------------------------------------
[ 2017-05-09T10:18:09+08:00 ] 127.0.0.1 127.0.0.1 GET /index.php/static/admin/js/image.js
[ info ] wuyongwei.com/index.php/static/admin/js/image.js [运行时间：0.017001s][吞吐率：58.82req/s] [内存消耗：1,014.02kb] [文件加载：30]
[ info ] [ LANG ] D:\xampp\htdocs\ImoocNuomi\NuoMiImooc\project\thinkphp\lang\zh-cn.php
[ info ] [ ROUTE ] array (
  'type' => 'module',
  'module' => 
  array (
    0 => 'static',
    1 => 'admin',
    2 => 'js',
  ),
)
[ info ] [ HEADER ] array (
  'host' => 'wuyongwei.com',
  'connection' => 'keep-alive',
  'user-agent' => 'Mozilla/5.0 (Windows NT 6.1; Win64; x64) AppleWebKit/537.36 (KHTML, like Gecko) Chrome/57.0.2987.110 Safari/537.36',
  'accept' => '*/*',
  'referer' => 'http://wuyongwei.com/index.php/admin',
  'accept-encoding' => 'gzip, deflate, sdch',
  'accept-language' => 'zh-CN,zh;q=0.8,en;q=0.6,zh-TW;q=0.4',
)
[ info ] [ PARAM ] array (
)
[ info ] [ LOG ] INIT File
---------------------------------------------------------------
[ 2017-05-09T10:19:17+08:00 ] 127.0.0.1 127.0.0.1 GET /index.php/admin
[ info ] wuyongwei.com/index.php/admin [运行时间：0.023001s][吞吐率：43.48req/s] [内存消耗：1,320.92kb] [文件加载：38]
[ info ] [ LANG ] D:\xampp\htdocs\ImoocNuomi\NuoMiImooc\project\thinkphp\lang\zh-cn.php
[ info ] [ ROUTE ] array (
  'type' => 'module',
  'module' => 
  array (
    0 => 'admin',
    1 => NULL,
    2 => NULL,
  ),
)
[ info ] [ HEADER ] array (
  'host' => 'wuyongwei.com',
  'connection' => 'keep-alive',
  'upgrade-insecure-requests' => '1',
  'user-agent' => 'Mozilla/5.0 (Windows NT 6.1; Win64; x64) AppleWebKit/537.36 (KHTML, like Gecko) Chrome/57.0.2987.110 Safari/537.36',
  'accept' => 'text/html,application/xhtml+xml,application/xml;q=0.9,image/webp,*/*;q=0.8',
  'accept-encoding' => 'gzip, deflate, sdch',
  'accept-language' => 'zh-CN,zh;q=0.8,en;q=0.6,zh-TW;q=0.4',
)
[ info ] [ PARAM ] array (
)
[ info ] [ RUN ] app\admin\controller\Index->index[ D:\xampp\htdocs\ImoocNuomi\NuoMiImooc\project\application\admin\controller\Index.php ]
[ info ] [ VIEW ] D:\xampp\htdocs\ImoocNuomi\NuoMiImooc\project\public/../application/admin\view\index\index.html [ array (
) ]
[ info ] [ LOG ] INIT File
---------------------------------------------------------------
[ 2017-05-09T10:19:17+08:00 ] 127.0.0.1 127.0.0.1 GET /index.php/static/admin/hui/lib/icheck/icheck.css
[ info ] wuyongwei.com/index.php/static/admin/hui/lib/icheck/icheck.css [运行时间：0.028002s][吞吐率：35.71req/s] [内存消耗：1,014.50kb] [文件加载：30]
[ info ] [ LANG ] D:\xampp\htdocs\ImoocNuomi\NuoMiImooc\project\thinkphp\lang\zh-cn.php
[ info ] [ ROUTE ] array (
  'type' => 'module',
  'module' => 
  array (
    0 => 'static',
    1 => 'admin',
    2 => 'hui',
  ),
)
[ info ] [ HEADER ] array (
  'host' => 'wuyongwei.com',
  'connection' => 'keep-alive',
  'user-agent' => 'Mozilla/5.0 (Windows NT 6.1; Win64; x64) AppleWebKit/537.36 (KHTML, like Gecko) Chrome/57.0.2987.110 Safari/537.36',
  'accept' => 'text/css,*/*;q=0.1',
  'referer' => 'http://wuyongwei.com/index.php/admin',
  'accept-encoding' => 'gzip, deflate, sdch',
  'accept-language' => 'zh-CN,zh;q=0.8,en;q=0.6,zh-TW;q=0.4',
)
[ info ] [ PARAM ] array (
  'lib' => 'icheck',
)
[ info ] [ LOG ] INIT File
---------------------------------------------------------------
[ 2017-05-09T10:19:17+08:00 ] 127.0.0.1 127.0.0.1 GET /index.php/static/admin/hui/static/h-ui.admin/css/style.css
[ info ] wuyongwei.com/index.php/static/admin/hui/static/h-ui.admin/css/style.css [运行时间：0.033002s][吞吐率：30.30req/s] [内存消耗：1,014.84kb] [文件加载：30]
[ info ] [ LANG ] D:\xampp\htdocs\ImoocNuomi\NuoMiImooc\project\thinkphp\lang\zh-cn.php
[ info ] [ ROUTE ] array (
  'type' => 'module',
  'module' => 
  array (
    0 => 'static',
    1 => 'admin',
    2 => 'hui',
  ),
)
[ info ] [ HEADER ] array (
  'host' => 'wuyongwei.com',
  'connection' => 'keep-alive',
  'user-agent' => 'Mozilla/5.0 (Windows NT 6.1; Win64; x64) AppleWebKit/537.36 (KHTML, like Gecko) Chrome/57.0.2987.110 Safari/537.36',
  'accept' => 'text/css,*/*;q=0.1',
  'referer' => 'http://wuyongwei.com/index.php/admin',
  'accept-encoding' => 'gzip, deflate, sdch',
  'accept-language' => 'zh-CN,zh;q=0.8,en;q=0.6,zh-TW;q=0.4',
)
[ info ] [ PARAM ] array (
  'static' => 'h-ui.admin',
  'css' => 'style.css',
)
[ info ] [ LOG ] INIT File
---------------------------------------------------------------
[ 2017-05-09T10:19:17+08:00 ] 127.0.0.1 127.0.0.1 GET /index.php/static/admin/hui/lib/Hui-iconfont/1.0.7/iconfont.css
[ info ] wuyongwei.com/index.php/static/admin/hui/lib/Hui-iconfont/1.0.7/iconfont.css [运行时间：0.035002s][吞吐率：28.57req/s] [内存消耗：1,014.78kb] [文件加载：30]
[ info ] [ LANG ] D:\xampp\htdocs\ImoocNuomi\NuoMiImooc\project\thinkphp\lang\zh-cn.php
[ info ] [ ROUTE ] array (
  'type' => 'module',
  'module' => 
  array (
    0 => 'static',
    1 => 'admin',
    2 => 'hui',
  ),
)
[ info ] [ HEADER ] array (
  'host' => 'wuyongwei.com',
  'connection' => 'keep-alive',
  'user-agent' => 'Mozilla/5.0 (Windows NT 6.1; Win64; x64) AppleWebKit/537.36 (KHTML, like Gecko) Chrome/57.0.2987.110 Safari/537.36',
  'accept' => 'text/css,*/*;q=0.1',
  'referer' => 'http://wuyongwei.com/index.php/admin',
  'accept-encoding' => 'gzip, deflate, sdch',
  'accept-language' => 'zh-CN,zh;q=0.8,en;q=0.6,zh-TW;q=0.4',
)
[ info ] [ PARAM ] array (
  'lib' => 'Hui-iconfont',
  0 => 'iconfont.css',
)
[ info ] [ LOG ] INIT File
---------------------------------------------------------------
[ 2017-05-09T10:19:17+08:00 ] 127.0.0.1 127.0.0.1 GET /index.php/static/admin/hui/static/h-ui/css/H-ui.min.css
[ info ] wuyongwei.com/index.php/static/admin/hui/static/h-ui/css/H-ui.min.css [运行时间：0.038002s][吞吐率：26.31req/s] [内存消耗：1,014.66kb] [文件加载：30]
[ info ] [ LANG ] D:\xampp\htdocs\ImoocNuomi\NuoMiImooc\project\thinkphp\lang\zh-cn.php
[ info ] [ ROUTE ] array (
  'type' => 'module',
  'module' => 
  array (
    0 => 'static',
    1 => 'admin',
    2 => 'hui',
  ),
)
[ info ] [ HEADER ] array (
  'host' => 'wuyongwei.com',
  'connection' => 'keep-alive',
  'user-agent' => 'Mozilla/5.0 (Windows NT 6.1; Win64; x64) AppleWebKit/537.36 (KHTML, like Gecko) Chrome/57.0.2987.110 Safari/537.36',
  'accept' => 'text/css,*/*;q=0.1',
  'referer' => 'http://wuyongwei.com/index.php/admin',
  'accept-encoding' => 'gzip, deflate, sdch',
  'accept-language' => 'zh-CN,zh;q=0.8,en;q=0.6,zh-TW;q=0.4',
)
[ info ] [ PARAM ] array (
  'static' => 'h-ui',
  'css' => 'H-ui.min.css',
)
[ info ] [ LOG ] INIT File
---------------------------------------------------------------
[ 2017-05-09T10:19:17+08:00 ] 127.0.0.1 127.0.0.1 GET /index.php/static/admin/hui/static/h-ui.admin/css/H-ui.admin.css
[ info ] wuyongwei.com/index.php/static/admin/hui/static/h-ui.admin/css/H-ui.admin.css [运行时间：0.059003s][吞吐率：16.95req/s] [内存消耗：1,014.74kb] [文件加载：30]
[ info ] [ LANG ] D:\xampp\htdocs\ImoocNuomi\NuoMiImooc\project\thinkphp\lang\zh-cn.php
[ info ] [ ROUTE ] array (
  'type' => 'module',
  'module' => 
  array (
    0 => 'static',
    1 => 'admin',
    2 => 'hui',
  ),
)
[ info ] [ HEADER ] array (
  'host' => 'wuyongwei.com',
  'connection' => 'keep-alive',
  'user-agent' => 'Mozilla/5.0 (Windows NT 6.1; Win64; x64) AppleWebKit/537.36 (KHTML, like Gecko) Chrome/57.0.2987.110 Safari/537.36',
  'accept' => 'text/css,*/*;q=0.1',
  'referer' => 'http://wuyongwei.com/index.php/admin',
  'accept-encoding' => 'gzip, deflate, sdch',
  'accept-language' => 'zh-CN,zh;q=0.8,en;q=0.6,zh-TW;q=0.4',
)
[ info ] [ PARAM ] array (
  'static' => 'h-ui.admin',
  'css' => 'H-ui.admin.css',
)
[ info ] [ LOG ] INIT File
---------------------------------------------------------------
[ 2017-05-09T10:19:17+08:00 ] 127.0.0.1 127.0.0.1 GET /index.php/static/admin/hui/static/h-ui.admin/skin/default/skin.css
[ info ] wuyongwei.com/index.php/static/admin/hui/static/h-ui.admin/skin/default/skin.css [运行时间：0.062003s][吞吐率：16.13req/s] [内存消耗：1,014.83kb] [文件加载：30]
[ info ] [ LANG ] D:\xampp\htdocs\ImoocNuomi\NuoMiImooc\project\thinkphp\lang\zh-cn.php
[ info ] [ ROUTE ] array (
  'type' => 'module',
  'module' => 
  array (
    0 => 'static',
    1 => 'admin',
    2 => 'hui',
  ),
)
[ info ] [ HEADER ] array (
  'host' => 'wuyongwei.com',
  'connection' => 'keep-alive',
  'user-agent' => 'Mozilla/5.0 (Windows NT 6.1; Win64; x64) AppleWebKit/537.36 (KHTML, like Gecko) Chrome/57.0.2987.110 Safari/537.36',
  'accept' => 'text/css,*/*;q=0.1',
  'referer' => 'http://wuyongwei.com/index.php/admin',
  'accept-encoding' => 'gzip, deflate, sdch',
  'accept-language' => 'zh-CN,zh;q=0.8,en;q=0.6,zh-TW;q=0.4',
)
[ info ] [ PARAM ] array (
  'static' => 'h-ui.admin',
  'skin' => 'default',
)
[ info ] [ LOG ] INIT File
---------------------------------------------------------------
[ 2017-05-09T10:19:17+08:00 ] 127.0.0.1 127.0.0.1 GET /index.php/static/admin/hui/lib/jquery/1.9.1/jquery.min.js
[ info ] wuyongwei.com/index.php/static/admin/hui/lib/jquery/1.9.1/jquery.min.js [运行时间：0.035002s][吞吐率：28.57req/s] [内存消耗：1,014.64kb] [文件加载：30]
[ info ] [ LANG ] D:\xampp\htdocs\ImoocNuomi\NuoMiImooc\project\thinkphp\lang\zh-cn.php
[ info ] [ ROUTE ] array (
  'type' => 'module',
  'module' => 
  array (
    0 => 'static',
    1 => 'admin',
    2 => 'hui',
  ),
)
[ info ] [ HEADER ] array (
  'host' => 'wuyongwei.com',
  'connection' => 'keep-alive',
  'user-agent' => 'Mozilla/5.0 (Windows NT 6.1; Win64; x64) AppleWebKit/537.36 (KHTML, like Gecko) Chrome/57.0.2987.110 Safari/537.36',
  'accept' => '*/*',
  'referer' => 'http://wuyongwei.com/index.php/admin',
  'accept-encoding' => 'gzip, deflate, sdch',
  'accept-language' => 'zh-CN,zh;q=0.8,en;q=0.6,zh-TW;q=0.4',
)
[ info ] [ PARAM ] array (
  'lib' => 'jquery',
  0 => 'jquery.min.js',
)
[ info ] [ LOG ] INIT File
---------------------------------------------------------------
[ 2017-05-09T10:19:17+08:00 ] 127.0.0.1 127.0.0.1 GET /index.php/static/admin/css/common.css
[ info ] wuyongwei.com/index.php/static/admin/css/common.css [运行时间：0.042002s][吞吐率：23.81req/s] [内存消耗：1,014.06kb] [文件加载：30]
[ info ] [ LANG ] D:\xampp\htdocs\ImoocNuomi\NuoMiImooc\project\thinkphp\lang\zh-cn.php
[ info ] [ ROUTE ] array (
  'type' => 'module',
  'module' => 
  array (
    0 => 'static',
    1 => 'admin',
    2 => 'css',
  ),
)
[ info ] [ HEADER ] array (
  'host' => 'wuyongwei.com',
  'connection' => 'keep-alive',
  'user-agent' => 'Mozilla/5.0 (Windows NT 6.1; Win64; x64) AppleWebKit/537.36 (KHTML, like Gecko) Chrome/57.0.2987.110 Safari/537.36',
  'accept' => 'text/css,*/*;q=0.1',
  'referer' => 'http://wuyongwei.com/index.php/admin',
  'accept-encoding' => 'gzip, deflate, sdch',
  'accept-language' => 'zh-CN,zh;q=0.8,en;q=0.6,zh-TW;q=0.4',
)
[ info ] [ PARAM ] array (
)
[ info ] [ LOG ] INIT File
---------------------------------------------------------------
[ 2017-05-09T10:19:17+08:00 ] 127.0.0.1 127.0.0.1 GET /index.php/static/admin/hui/lib/layer/2.1/layer.js
[ info ] wuyongwei.com/index.php/static/admin/hui/lib/layer/2.1/layer.js [运行时间：0.032002s][吞吐率：31.25req/s] [内存消耗：1,014.59kb] [文件加载：30]
[ info ] [ LANG ] D:\xampp\htdocs\ImoocNuomi\NuoMiImooc\project\thinkphp\lang\zh-cn.php
[ info ] [ ROUTE ] array (
  'type' => 'module',
  'module' => 
  array (
    0 => 'static',
    1 => 'admin',
    2 => 'hui',
  ),
)
[ info ] [ HEADER ] array (
  'host' => 'wuyongwei.com',
  'connection' => 'keep-alive',
  'user-agent' => 'Mozilla/5.0 (Windows NT 6.1; Win64; x64) AppleWebKit/537.36 (KHTML, like Gecko) Chrome/57.0.2987.110 Safari/537.36',
  'accept' => '*/*',
  'referer' => 'http://wuyongwei.com/index.php/admin',
  'accept-encoding' => 'gzip, deflate, sdch',
  'accept-language' => 'zh-CN,zh;q=0.8,en;q=0.6,zh-TW;q=0.4',
)
[ info ] [ PARAM ] array (
  'lib' => 'layer',
  0 => 'layer.js',
)
[ info ] [ LOG ] INIT File
---------------------------------------------------------------
[ 2017-05-09T10:19:17+08:00 ] 127.0.0.1 127.0.0.1 GET /index.php/static/admin/uploadify/uploadify.css
[ info ] wuyongwei.com/index.php/static/admin/uploadify/uploadify.css [运行时间：0.038003s][吞吐率：26.31req/s] [内存消耗：1,014.13kb] [文件加载：30]
[ info ] [ LANG ] D:\xampp\htdocs\ImoocNuomi\NuoMiImooc\project\thinkphp\lang\zh-cn.php
[ info ] [ ROUTE ] array (
  'type' => 'module',
  'module' => 
  array (
    0 => 'static',
    1 => 'admin',
    2 => 'uploadify',
  ),
)
[ info ] [ HEADER ] array (
  'host' => 'wuyongwei.com',
  'connection' => 'keep-alive',
  'user-agent' => 'Mozilla/5.0 (Windows NT 6.1; Win64; x64) AppleWebKit/537.36 (KHTML, like Gecko) Chrome/57.0.2987.110 Safari/537.36',
  'accept' => 'text/css,*/*;q=0.1',
  'referer' => 'http://wuyongwei.com/index.php/admin',
  'accept-encoding' => 'gzip, deflate, sdch',
  'accept-language' => 'zh-CN,zh;q=0.8,en;q=0.6,zh-TW;q=0.4',
)
[ info ] [ PARAM ] array (
)
[ info ] [ LOG ] INIT File
---------------------------------------------------------------
[ 2017-05-09T10:19:17+08:00 ] 127.0.0.1 127.0.0.1 GET /index.php/static/admin/hui/lib/My97DatePicker/WdatePicker.js
[ info ] wuyongwei.com/index.php/static/admin/hui/lib/My97DatePicker/WdatePicker.js [运行时间：0.031002s][吞吐率：32.26req/s] [内存消耗：1,014.54kb] [文件加载：30]
[ info ] [ LANG ] D:\xampp\htdocs\ImoocNuomi\NuoMiImooc\project\thinkphp\lang\zh-cn.php
[ info ] [ ROUTE ] array (
  'type' => 'module',
  'module' => 
  array (
    0 => 'static',
    1 => 'admin',
    2 => 'hui',
  ),
)
[ info ] [ HEADER ] array (
  'host' => 'wuyongwei.com',
  'connection' => 'keep-alive',
  'user-agent' => 'Mozilla/5.0 (Windows NT 6.1; Win64; x64) AppleWebKit/537.36 (KHTML, like Gecko) Chrome/57.0.2987.110 Safari/537.36',
  'accept' => '*/*',
  'referer' => 'http://wuyongwei.com/index.php/admin',
  'accept-encoding' => 'gzip, deflate, sdch',
  'accept-language' => 'zh-CN,zh;q=0.8,en;q=0.6,zh-TW;q=0.4',
)
[ info ] [ PARAM ] array (
  'lib' => 'My97DatePicker',
)
[ info ] [ LOG ] INIT File
---------------------------------------------------------------
[ 2017-05-09T10:19:17+08:00 ] 127.0.0.1 127.0.0.1 GET /index.php/static/admin/hui/lib/jquery.validation/1.14.0/validate-methods.js
[ info ] wuyongwei.com/index.php/static/admin/hui/lib/jquery.validation/1.14.0/validate-methods.js [运行时间：0.026001s][吞吐率：38.46req/s] [内存消耗：1,014.87kb] [文件加载：30]
[ info ] [ LANG ] D:\xampp\htdocs\ImoocNuomi\NuoMiImooc\project\thinkphp\lang\zh-cn.php
[ info ] [ ROUTE ] array (
  'type' => 'module',
  'module' => 
  array (
    0 => 'static',
    1 => 'admin',
    2 => 'hui',
  ),
)
[ info ] [ HEADER ] array (
  'host' => 'wuyongwei.com',
  'connection' => 'keep-alive',
  'user-agent' => 'Mozilla/5.0 (Windows NT 6.1; Win64; x64) AppleWebKit/537.36 (KHTML, like Gecko) Chrome/57.0.2987.110 Safari/537.36',
  'accept' => '*/*',
  'referer' => 'http://wuyongwei.com/index.php/admin',
  'accept-encoding' => 'gzip, deflate, sdch',
  'accept-language' => 'zh-CN,zh;q=0.8,en;q=0.6,zh-TW;q=0.4',
)
[ info ] [ PARAM ] array (
  'lib' => 'jquery.validation',
  0 => 'validate-methods.js',
)
[ info ] [ LOG ] INIT File
---------------------------------------------------------------
[ 2017-05-09T10:19:17+08:00 ] 127.0.0.1 127.0.0.1 GET /index.php/static/admin/hui/lib/jquery.validation/1.14.0/jquery.validate.min.js
[ info ] wuyongwei.com/index.php/static/admin/hui/lib/jquery.validation/1.14.0/jquery.validate.min.js [运行时间：0.029001s][吞吐率：34.48req/s] [内存消耗：1,014.80kb] [文件加载：30]
[ info ] [ LANG ] D:\xampp\htdocs\ImoocNuomi\NuoMiImooc\project\thinkphp\lang\zh-cn.php
[ info ] [ ROUTE ] array (
  'type' => 'module',
  'module' => 
  array (
    0 => 'static',
    1 => 'admin',
    2 => 'hui',
  ),
)
[ info ] [ HEADER ] array (
  'host' => 'wuyongwei.com',
  'connection' => 'keep-alive',
  'user-agent' => 'Mozilla/5.0 (Windows NT 6.1; Win64; x64) AppleWebKit/537.36 (KHTML, like Gecko) Chrome/57.0.2987.110 Safari/537.36',
  'accept' => '*/*',
  'referer' => 'http://wuyongwei.com/index.php/admin',
  'accept-encoding' => 'gzip, deflate, sdch',
  'accept-language' => 'zh-CN,zh;q=0.8,en;q=0.6,zh-TW;q=0.4',
)
[ info ] [ PARAM ] array (
  'lib' => 'jquery.validation',
  0 => 'jquery.validate.min.js',
)
[ info ] [ LOG ] INIT File
---------------------------------------------------------------
[ 2017-05-09T10:19:17+08:00 ] 127.0.0.1 127.0.0.1 GET /index.php/static/admin/hui/lib/jquery.validation/1.14.0/messages_zh.min.js
[ info ] wuyongwei.com/index.php/static/admin/hui/lib/jquery.validation/1.14.0/messages_zh.min.js [运行时间：0.030002s][吞吐率：33.33req/s] [内存消耗：1,014.88kb] [文件加载：30]
[ info ] [ LANG ] D:\xampp\htdocs\ImoocNuomi\NuoMiImooc\project\thinkphp\lang\zh-cn.php
[ info ] [ ROUTE ] array (
  'type' => 'module',
  'module' => 
  array (
    0 => 'static',
    1 => 'admin',
    2 => 'hui',
  ),
)
[ info ] [ HEADER ] array (
  'host' => 'wuyongwei.com',
  'connection' => 'keep-alive',
  'user-agent' => 'Mozilla/5.0 (Windows NT 6.1; Win64; x64) AppleWebKit/537.36 (KHTML, like Gecko) Chrome/57.0.2987.110 Safari/537.36',
  'accept' => '*/*',
  'referer' => 'http://wuyongwei.com/index.php/admin',
  'accept-encoding' => 'gzip, deflate, sdch',
  'accept-language' => 'zh-CN,zh;q=0.8,en;q=0.6,zh-TW;q=0.4',
)
[ info ] [ PARAM ] array (
  'lib' => 'jquery.validation',
  0 => 'messages_zh.min.js',
)
[ info ] [ LOG ] INIT File
---------------------------------------------------------------
[ 2017-05-09T10:19:17+08:00 ] 127.0.0.1 127.0.0.1 GET /index.php/static/admin/hui/static/h-ui/js/H-ui.js
[ info ] wuyongwei.com/index.php/static/admin/hui/static/h-ui/js/H-ui.js [运行时间：0.034002s][吞吐率：29.41req/s] [内存消耗：1,014.60kb] [文件加载：30]
[ info ] [ LANG ] D:\xampp\htdocs\ImoocNuomi\NuoMiImooc\project\thinkphp\lang\zh-cn.php
[ info ] [ ROUTE ] array (
  'type' => 'module',
  'module' => 
  array (
    0 => 'static',
    1 => 'admin',
    2 => 'hui',
  ),
)
[ info ] [ HEADER ] array (
  'host' => 'wuyongwei.com',
  'connection' => 'keep-alive',
  'user-agent' => 'Mozilla/5.0 (Windows NT 6.1; Win64; x64) AppleWebKit/537.36 (KHTML, like Gecko) Chrome/57.0.2987.110 Safari/537.36',
  'accept' => '*/*',
  'referer' => 'http://wuyongwei.com/index.php/admin',
  'accept-encoding' => 'gzip, deflate, sdch',
  'accept-language' => 'zh-CN,zh;q=0.8,en;q=0.6,zh-TW;q=0.4',
)
[ info ] [ PARAM ] array (
  'static' => 'h-ui',
  'js' => 'H-ui.js',
)
[ info ] [ LOG ] INIT File
---------------------------------------------------------------
[ 2017-05-09T10:19:17+08:00 ] 127.0.0.1 127.0.0.1 GET /index.php/static/admin/hui/static/h-ui.admin/js/H-ui.admin.js
[ info ] wuyongwei.com/index.php/static/admin/hui/static/h-ui.admin/js/H-ui.admin.js [运行时间：0.039003s][吞吐率：25.64req/s] [内存消耗：1,014.67kb] [文件加载：30]
[ info ] [ LANG ] D:\xampp\htdocs\ImoocNuomi\NuoMiImooc\project\thinkphp\lang\zh-cn.php
[ info ] [ ROUTE ] array (
  'type' => 'module',
  'module' => 
  array (
    0 => 'static',
    1 => 'admin',
    2 => 'hui',
  ),
)
[ info ] [ HEADER ] array (
  'host' => 'wuyongwei.com',
  'connection' => 'keep-alive',
  'user-agent' => 'Mozilla/5.0 (Windows NT 6.1; Win64; x64) AppleWebKit/537.36 (KHTML, like Gecko) Chrome/57.0.2987.110 Safari/537.36',
  'accept' => '*/*',
  'referer' => 'http://wuyongwei.com/index.php/admin',
  'accept-encoding' => 'gzip, deflate, sdch',
  'accept-language' => 'zh-CN,zh;q=0.8,en;q=0.6,zh-TW;q=0.4',
)
[ info ] [ PARAM ] array (
  'static' => 'h-ui.admin',
  'js' => 'H-ui.admin.js',
)
[ info ] [ LOG ] INIT File
---------------------------------------------------------------
[ 2017-05-09T10:19:17+08:00 ] 127.0.0.1 127.0.0.1 GET /index.php/static/admin/js/image.js
[ info ] wuyongwei.com/index.php/static/admin/js/image.js [运行时间：0.042003s][吞吐率：23.81req/s] [内存消耗：1,014.02kb] [文件加载：30]
[ info ] [ LANG ] D:\xampp\htdocs\ImoocNuomi\NuoMiImooc\project\thinkphp\lang\zh-cn.php
[ info ] [ ROUTE ] array (
  'type' => 'module',
  'module' => 
  array (
    0 => 'static',
    1 => 'admin',
    2 => 'js',
  ),
)
[ info ] [ HEADER ] array (
  'host' => 'wuyongwei.com',
  'connection' => 'keep-alive',
  'user-agent' => 'Mozilla/5.0 (Windows NT 6.1; Win64; x64) AppleWebKit/537.36 (KHTML, like Gecko) Chrome/57.0.2987.110 Safari/537.36',
  'accept' => '*/*',
  'referer' => 'http://wuyongwei.com/index.php/admin',
  'accept-encoding' => 'gzip, deflate, sdch',
  'accept-language' => 'zh-CN,zh;q=0.8,en;q=0.6,zh-TW;q=0.4',
)
[ info ] [ PARAM ] array (
)
[ info ] [ LOG ] INIT File
---------------------------------------------------------------
[ 2017-05-09T10:19:17+08:00 ] 127.0.0.1 127.0.0.1 GET /index.php/static/admin/uploadify/jquery.uploadify.min.js
[ info ] wuyongwei.com/index.php/static/admin/uploadify/jquery.uploadify.min.js [运行时间：0.046003s][吞吐率：21.74req/s] [内存消耗：1,014.10kb] [文件加载：30]
[ info ] [ LANG ] D:\xampp\htdocs\ImoocNuomi\NuoMiImooc\project\thinkphp\lang\zh-cn.php
[ info ] [ ROUTE ] array (
  'type' => 'module',
  'module' => 
  array (
    0 => 'static',
    1 => 'admin',
    2 => 'uploadify',
  ),
)
[ info ] [ HEADER ] array (
  'host' => 'wuyongwei.com',
  'connection' => 'keep-alive',
  'user-agent' => 'Mozilla/5.0 (Windows NT 6.1; Win64; x64) AppleWebKit/537.36 (KHTML, like Gecko) Chrome/57.0.2987.110 Safari/537.36',
  'accept' => '*/*',
  'referer' => 'http://wuyongwei.com/index.php/admin',
  'accept-encoding' => 'gzip, deflate, sdch',
  'accept-language' => 'zh-CN,zh;q=0.8,en;q=0.6,zh-TW;q=0.4',
)
[ info ] [ PARAM ] array (
)
[ info ] [ LOG ] INIT File
---------------------------------------------------------------
[ 2017-05-09T10:19:17+08:00 ] 127.0.0.1 127.0.0.1 GET /index.php/static/admin/js/common.js
[ info ] wuyongwei.com/index.php/static/admin/js/common.js [运行时间：0.033002s][吞吐率：30.30req/s] [内存消耗：1,014.02kb] [文件加载：30]
[ info ] [ LANG ] D:\xampp\htdocs\ImoocNuomi\NuoMiImooc\project\thinkphp\lang\zh-cn.php
[ info ] [ ROUTE ] array (
  'type' => 'module',
  'module' => 
  array (
    0 => 'static',
    1 => 'admin',
    2 => 'js',
  ),
)
[ info ] [ HEADER ] array (
  'host' => 'wuyongwei.com',
  'connection' => 'keep-alive',
  'user-agent' => 'Mozilla/5.0 (Windows NT 6.1; Win64; x64) AppleWebKit/537.36 (KHTML, like Gecko) Chrome/57.0.2987.110 Safari/537.36',
  'accept' => '*/*',
  'referer' => 'http://wuyongwei.com/index.php/admin',
  'accept-encoding' => 'gzip, deflate, sdch',
  'accept-language' => 'zh-CN,zh;q=0.8,en;q=0.6,zh-TW;q=0.4',
)
[ info ] [ PARAM ] array (
)
[ info ] [ LOG ] INIT File
---------------------------------------------------------------
[ 2017-05-09T10:19:17+08:00 ] 127.0.0.1 127.0.0.1 GET /index.php/admin/index/welcome.html
[ info ] wuyongwei.com/index.php/admin/index/welcome.html [运行时间：0.039002s][吞吐率：25.64req/s] [内存消耗：1,259.49kb] [文件加载：36]
[ info ] [ LANG ] D:\xampp\htdocs\ImoocNuomi\NuoMiImooc\project\thinkphp\lang\zh-cn.php
[ info ] [ ROUTE ] array (
  'type' => 'module',
  'module' => 
  array (
    0 => 'admin',
    1 => 'index',
    2 => 'welcome',
  ),
)
[ info ] [ HEADER ] array (
  'host' => 'wuyongwei.com',
  'connection' => 'keep-alive',
  'upgrade-insecure-requests' => '1',
  'user-agent' => 'Mozilla/5.0 (Windows NT 6.1; Win64; x64) AppleWebKit/537.36 (KHTML, like Gecko) Chrome/57.0.2987.110 Safari/537.36',
  'accept' => 'text/html,application/xhtml+xml,application/xml;q=0.9,image/webp,*/*;q=0.8',
  'referer' => 'http://wuyongwei.com/index.php/admin',
  'accept-encoding' => 'gzip, deflate, sdch',
  'accept-language' => 'zh-CN,zh;q=0.8,en;q=0.6,zh-TW;q=0.4',
)
[ info ] [ PARAM ] array (
)
[ info ] [ RUN ] app\admin\controller\Index->welcome[ D:\xampp\htdocs\ImoocNuomi\NuoMiImooc\project\application\admin\controller\Index.php ]
[ info ] [ LOG ] INIT File
---------------------------------------------------------------
[ 2017-05-09T10:19:17+08:00 ] 127.0.0.1 127.0.0.1 GET /index.php/static/admin/hui/lib/jquery/1.9.1/jquery.min.js
[ info ] wuyongwei.com/index.php/static/admin/hui/lib/jquery/1.9.1/jquery.min.js [运行时间：0.047003s][吞吐率：21.28req/s] [内存消耗：1,014.64kb] [文件加载：30]
[ info ] [ LANG ] D:\xampp\htdocs\ImoocNuomi\NuoMiImooc\project\thinkphp\lang\zh-cn.php
[ info ] [ ROUTE ] array (
  'type' => 'module',
  'module' => 
  array (
    0 => 'static',
    1 => 'admin',
    2 => 'hui',
  ),
)
[ info ] [ HEADER ] array (
  'host' => 'wuyongwei.com',
  'connection' => 'keep-alive',
  'user-agent' => 'Mozilla/5.0 (Windows NT 6.1; Win64; x64) AppleWebKit/537.36 (KHTML, like Gecko) Chrome/57.0.2987.110 Safari/537.36',
  'accept' => '*/*',
  'referer' => 'http://wuyongwei.com/index.php/admin',
  'accept-encoding' => 'gzip, deflate, sdch',
  'accept-language' => 'zh-CN,zh;q=0.8,en;q=0.6,zh-TW;q=0.4',
)
[ info ] [ PARAM ] array (
  'lib' => 'jquery',
  0 => 'jquery.min.js',
)
[ info ] [ LOG ] INIT File
---------------------------------------------------------------
[ 2017-05-09T10:19:17+08:00 ] 127.0.0.1 127.0.0.1 GET /index.php/static/admin/hui/lib/layer/2.1/layer.js
[ info ] wuyongwei.com/index.php/static/admin/hui/lib/layer/2.1/layer.js [运行时间：0.030002s][吞吐率：33.33req/s] [内存消耗：1,014.59kb] [文件加载：30]
[ info ] [ LANG ] D:\xampp\htdocs\ImoocNuomi\NuoMiImooc\project\thinkphp\lang\zh-cn.php
[ info ] [ ROUTE ] array (
  'type' => 'module',
  'module' => 
  array (
    0 => 'static',
    1 => 'admin',
    2 => 'hui',
  ),
)
[ info ] [ HEADER ] array (
  'host' => 'wuyongwei.com',
  'connection' => 'keep-alive',
  'user-agent' => 'Mozilla/5.0 (Windows NT 6.1; Win64; x64) AppleWebKit/537.36 (KHTML, like Gecko) Chrome/57.0.2987.110 Safari/537.36',
  'accept' => '*/*',
  'referer' => 'http://wuyongwei.com/index.php/admin',
  'accept-encoding' => 'gzip, deflate, sdch',
  'accept-language' => 'zh-CN,zh;q=0.8,en;q=0.6,zh-TW;q=0.4',
)
[ info ] [ PARAM ] array (
  'lib' => 'layer',
  0 => 'layer.js',
)
[ info ] [ LOG ] INIT File
---------------------------------------------------------------
[ 2017-05-09T10:19:17+08:00 ] 127.0.0.1 127.0.0.1 GET /index.php/static/admin/hui/lib/My97DatePicker/WdatePicker.js
[ info ] wuyongwei.com/index.php/static/admin/hui/lib/My97DatePicker/WdatePicker.js [运行时间：0.029002s][吞吐率：34.48req/s] [内存消耗：1,014.54kb] [文件加载：30]
[ info ] [ LANG ] D:\xampp\htdocs\ImoocNuomi\NuoMiImooc\project\thinkphp\lang\zh-cn.php
[ info ] [ ROUTE ] array (
  'type' => 'module',
  'module' => 
  array (
    0 => 'static',
    1 => 'admin',
    2 => 'hui',
  ),
)
[ info ] [ HEADER ] array (
  'host' => 'wuyongwei.com',
  'connection' => 'keep-alive',
  'user-agent' => 'Mozilla/5.0 (Windows NT 6.1; Win64; x64) AppleWebKit/537.36 (KHTML, like Gecko) Chrome/57.0.2987.110 Safari/537.36',
  'accept' => '*/*',
  'referer' => 'http://wuyongwei.com/index.php/admin',
  'accept-encoding' => 'gzip, deflate, sdch',
  'accept-language' => 'zh-CN,zh;q=0.8,en;q=0.6,zh-TW;q=0.4',
)
[ info ] [ PARAM ] array (
  'lib' => 'My97DatePicker',
)
[ info ] [ LOG ] INIT File
---------------------------------------------------------------
[ 2017-05-09T10:19:17+08:00 ] 127.0.0.1 127.0.0.1 GET /index.php/static/admin/hui/lib/jquery.validation/1.14.0/jquery.validate.min.js
[ info ] wuyongwei.com/index.php/static/admin/hui/lib/jquery.validation/1.14.0/jquery.validate.min.js [运行时间：0.027001s][吞吐率：37.04req/s] [内存消耗：1,014.80kb] [文件加载：30]
[ info ] [ LANG ] D:\xampp\htdocs\ImoocNuomi\NuoMiImooc\project\thinkphp\lang\zh-cn.php
[ info ] [ ROUTE ] array (
  'type' => 'module',
  'module' => 
  array (
    0 => 'static',
    1 => 'admin',
    2 => 'hui',
  ),
)
[ info ] [ HEADER ] array (
  'host' => 'wuyongwei.com',
  'connection' => 'keep-alive',
  'user-agent' => 'Mozilla/5.0 (Windows NT 6.1; Win64; x64) AppleWebKit/537.36 (KHTML, like Gecko) Chrome/57.0.2987.110 Safari/537.36',
  'accept' => '*/*',
  'referer' => 'http://wuyongwei.com/index.php/admin',
  'accept-encoding' => 'gzip, deflate, sdch',
  'accept-language' => 'zh-CN,zh;q=0.8,en;q=0.6,zh-TW;q=0.4',
)
[ info ] [ PARAM ] array (
  'lib' => 'jquery.validation',
  0 => 'jquery.validate.min.js',
)
[ info ] [ LOG ] INIT File
---------------------------------------------------------------
[ 2017-05-09T10:19:17+08:00 ] 127.0.0.1 127.0.0.1 GET /index.php/static/admin/hui/lib/jquery.validation/1.14.0/validate-methods.js
[ info ] wuyongwei.com/index.php/static/admin/hui/lib/jquery.validation/1.14.0/validate-methods.js [运行时间：0.041003s][吞吐率：24.39req/s] [内存消耗：1,014.87kb] [文件加载：30]
[ info ] [ LANG ] D:\xampp\htdocs\ImoocNuomi\NuoMiImooc\project\thinkphp\lang\zh-cn.php
[ info ] [ ROUTE ] array (
  'type' => 'module',
  'module' => 
  array (
    0 => 'static',
    1 => 'admin',
    2 => 'hui',
  ),
)
[ info ] [ HEADER ] array (
  'host' => 'wuyongwei.com',
  'connection' => 'keep-alive',
  'user-agent' => 'Mozilla/5.0 (Windows NT 6.1; Win64; x64) AppleWebKit/537.36 (KHTML, like Gecko) Chrome/57.0.2987.110 Safari/537.36',
  'accept' => '*/*',
  'referer' => 'http://wuyongwei.com/index.php/admin',
  'accept-encoding' => 'gzip, deflate, sdch',
  'accept-language' => 'zh-CN,zh;q=0.8,en;q=0.6,zh-TW;q=0.4',
)
[ info ] [ PARAM ] array (
  'lib' => 'jquery.validation',
  0 => 'validate-methods.js',
)
[ info ] [ LOG ] INIT File
---------------------------------------------------------------
[ 2017-05-09T10:19:17+08:00 ] 127.0.0.1 127.0.0.1 GET /index.php/static/admin/hui/lib/jquery.validation/1.14.0/messages_zh.min.js
[ info ] wuyongwei.com/index.php/static/admin/hui/lib/jquery.validation/1.14.0/messages_zh.min.js [运行时间：0.031002s][吞吐率：32.26req/s] [内存消耗：1,014.88kb] [文件加载：30]
[ info ] [ LANG ] D:\xampp\htdocs\ImoocNuomi\NuoMiImooc\project\thinkphp\lang\zh-cn.php
[ info ] [ ROUTE ] array (
  'type' => 'module',
  'module' => 
  array (
    0 => 'static',
    1 => 'admin',
    2 => 'hui',
  ),
)
[ info ] [ HEADER ] array (
  'host' => 'wuyongwei.com',
  'connection' => 'keep-alive',
  'user-agent' => 'Mozilla/5.0 (Windows NT 6.1; Win64; x64) AppleWebKit/537.36 (KHTML, like Gecko) Chrome/57.0.2987.110 Safari/537.36',
  'accept' => '*/*',
  'referer' => 'http://wuyongwei.com/index.php/admin',
  'accept-encoding' => 'gzip, deflate, sdch',
  'accept-language' => 'zh-CN,zh;q=0.8,en;q=0.6,zh-TW;q=0.4',
)
[ info ] [ PARAM ] array (
  'lib' => 'jquery.validation',
  0 => 'messages_zh.min.js',
)
[ info ] [ LOG ] INIT File
---------------------------------------------------------------
[ 2017-05-09T10:19:17+08:00 ] 127.0.0.1 127.0.0.1 GET /index.php/static/admin/hui/static/h-ui/js/H-ui.js
[ info ] wuyongwei.com/index.php/static/admin/hui/static/h-ui/js/H-ui.js [运行时间：0.033002s][吞吐率：30.30req/s] [内存消耗：1,014.60kb] [文件加载：30]
[ info ] [ LANG ] D:\xampp\htdocs\ImoocNuomi\NuoMiImooc\project\thinkphp\lang\zh-cn.php
[ info ] [ ROUTE ] array (
  'type' => 'module',
  'module' => 
  array (
    0 => 'static',
    1 => 'admin',
    2 => 'hui',
  ),
)
[ info ] [ HEADER ] array (
  'host' => 'wuyongwei.com',
  'connection' => 'keep-alive',
  'user-agent' => 'Mozilla/5.0 (Windows NT 6.1; Win64; x64) AppleWebKit/537.36 (KHTML, like Gecko) Chrome/57.0.2987.110 Safari/537.36',
  'accept' => '*/*',
  'referer' => 'http://wuyongwei.com/index.php/admin',
  'accept-encoding' => 'gzip, deflate, sdch',
  'accept-language' => 'zh-CN,zh;q=0.8,en;q=0.6,zh-TW;q=0.4',
)
[ info ] [ PARAM ] array (
  'static' => 'h-ui',
  'js' => 'H-ui.js',
)
[ info ] [ LOG ] INIT File
---------------------------------------------------------------
[ 2017-05-09T10:19:17+08:00 ] 127.0.0.1 127.0.0.1 GET /index.php/static/admin/hui/static/h-ui.admin/js/H-ui.admin.js
[ info ] wuyongwei.com/index.php/static/admin/hui/static/h-ui.admin/js/H-ui.admin.js [运行时间：0.040002s][吞吐率：25.00req/s] [内存消耗：1,014.67kb] [文件加载：30]
[ info ] [ LANG ] D:\xampp\htdocs\ImoocNuomi\NuoMiImooc\project\thinkphp\lang\zh-cn.php
[ info ] [ ROUTE ] array (
  'type' => 'module',
  'module' => 
  array (
    0 => 'static',
    1 => 'admin',
    2 => 'hui',
  ),
)
[ info ] [ HEADER ] array (
  'host' => 'wuyongwei.com',
  'connection' => 'keep-alive',
  'user-agent' => 'Mozilla/5.0 (Windows NT 6.1; Win64; x64) AppleWebKit/537.36 (KHTML, like Gecko) Chrome/57.0.2987.110 Safari/537.36',
  'accept' => '*/*',
  'referer' => 'http://wuyongwei.com/index.php/admin',
  'accept-encoding' => 'gzip, deflate, sdch',
  'accept-language' => 'zh-CN,zh;q=0.8,en;q=0.6,zh-TW;q=0.4',
)
[ info ] [ PARAM ] array (
  'static' => 'h-ui.admin',
  'js' => 'H-ui.admin.js',
)
[ info ] [ LOG ] INIT File
---------------------------------------------------------------
[ 2017-05-09T10:19:17+08:00 ] 127.0.0.1 127.0.0.1 GET /index.php/static/admin/js/common.js
[ info ] wuyongwei.com/index.php/static/admin/js/common.js [运行时间：0.031002s][吞吐率：32.26req/s] [内存消耗：1,014.02kb] [文件加载：30]
[ info ] [ LANG ] D:\xampp\htdocs\ImoocNuomi\NuoMiImooc\project\thinkphp\lang\zh-cn.php
[ info ] [ ROUTE ] array (
  'type' => 'module',
  'module' => 
  array (
    0 => 'static',
    1 => 'admin',
    2 => 'js',
  ),
)
[ info ] [ HEADER ] array (
  'host' => 'wuyongwei.com',
  'connection' => 'keep-alive',
  'user-agent' => 'Mozilla/5.0 (Windows NT 6.1; Win64; x64) AppleWebKit/537.36 (KHTML, like Gecko) Chrome/57.0.2987.110 Safari/537.36',
  'accept' => '*/*',
  'referer' => 'http://wuyongwei.com/index.php/admin',
  'accept-encoding' => 'gzip, deflate, sdch',
  'accept-language' => 'zh-CN,zh;q=0.8,en;q=0.6,zh-TW;q=0.4',
)
[ info ] [ PARAM ] array (
)
[ info ] [ LOG ] INIT File
---------------------------------------------------------------
[ 2017-05-09T10:19:17+08:00 ] 127.0.0.1 127.0.0.1 GET /index.php/static/admin/uploadify/jquery.uploadify.min.js
[ info ] wuyongwei.com/index.php/static/admin/uploadify/jquery.uploadify.min.js [运行时间：0.029002s][吞吐率：34.48req/s] [内存消耗：1,014.09kb] [文件加载：30]
[ info ] [ LANG ] D:\xampp\htdocs\ImoocNuomi\NuoMiImooc\project\thinkphp\lang\zh-cn.php
[ info ] [ ROUTE ] array (
  'type' => 'module',
  'module' => 
  array (
    0 => 'static',
    1 => 'admin',
    2 => 'uploadify',
  ),
)
[ info ] [ HEADER ] array (
  'host' => 'wuyongwei.com',
  'connection' => 'keep-alive',
  'user-agent' => 'Mozilla/5.0 (Windows NT 6.1; Win64; x64) AppleWebKit/537.36 (KHTML, like Gecko) Chrome/57.0.2987.110 Safari/537.36',
  'accept' => '*/*',
  'referer' => 'http://wuyongwei.com/index.php/admin',
  'accept-encoding' => 'gzip, deflate, sdch',
  'accept-language' => 'zh-CN,zh;q=0.8,en;q=0.6,zh-TW;q=0.4',
)
[ info ] [ PARAM ] array (
)
[ info ] [ LOG ] INIT File
---------------------------------------------------------------
[ 2017-05-09T10:19:17+08:00 ] 127.0.0.1 127.0.0.1 GET /index.php/static/admin/js/image.js
[ info ] wuyongwei.com/index.php/static/admin/js/image.js [运行时间：0.037002s][吞吐率：27.03req/s] [内存消耗：1,014.02kb] [文件加载：30]
[ info ] [ LANG ] D:\xampp\htdocs\ImoocNuomi\NuoMiImooc\project\thinkphp\lang\zh-cn.php
[ info ] [ ROUTE ] array (
  'type' => 'module',
  'module' => 
  array (
    0 => 'static',
    1 => 'admin',
    2 => 'js',
  ),
)
[ info ] [ HEADER ] array (
  'host' => 'wuyongwei.com',
  'connection' => 'keep-alive',
  'user-agent' => 'Mozilla/5.0 (Windows NT 6.1; Win64; x64) AppleWebKit/537.36 (KHTML, like Gecko) Chrome/57.0.2987.110 Safari/537.36',
  'accept' => '*/*',
  'referer' => 'http://wuyongwei.com/index.php/admin',
  'accept-encoding' => 'gzip, deflate, sdch',
  'accept-language' => 'zh-CN,zh;q=0.8,en;q=0.6,zh-TW;q=0.4',
)
[ info ] [ PARAM ] array (
)
[ info ] [ LOG ] INIT File
---------------------------------------------------------------
[ 2017-05-09T10:22:31+08:00 ] 127.0.0.1 127.0.0.1 GET /index.php?s=index
[ info ] wuyongwei.com/index.php?s=index [运行时间：0.034002s][吞吐率：29.41req/s] [内存消耗：1,347.95kb] [文件加载：37]
[ info ] [ LANG ] D:\xampp\htdocs\ImoocNuomi\NuoMiImooc\project\thinkphp\lang\zh-cn.php
[ info ] [ ROUTE ] array (
  'type' => 'module',
  'module' => 
  array (
    0 => 'index',
    1 => NULL,
    2 => NULL,
  ),
)
[ info ] [ HEADER ] array (
  'host' => 'wuyongwei.com',
  'connection' => 'keep-alive',
  'cache-control' => 'max-age=0',
  'upgrade-insecure-requests' => '1',
  'user-agent' => 'Mozilla/5.0 (Windows NT 6.1; Win64; x64) AppleWebKit/537.36 (KHTML, like Gecko) Chrome/57.0.2987.110 Safari/537.36',
  'accept' => 'text/html,application/xhtml+xml,application/xml;q=0.9,image/webp,*/*;q=0.8',
  'accept-encoding' => 'gzip, deflate, sdch',
  'accept-language' => 'zh-CN,zh;q=0.8,en;q=0.6,zh-TW;q=0.4',
)
[ info ] [ PARAM ] array (
)
[ info ] [ RUN ] app\index\controller\Index->index[ D:\xampp\htdocs\ImoocNuomi\NuoMiImooc\project\application\index\controller\Index.php ]
[ info ] [ VIEW ] D:\xampp\htdocs\ImoocNuomi\NuoMiImooc\project\public/../application/index\view\index\index.html [ array (
) ]
[ info ] [ LOG ] INIT File
---------------------------------------------------------------
[ 2017-05-09T10:22:33+08:00 ] 127.0.0.1 127.0.0.1 GET /index.php?s=index
[ info ] wuyongwei.com/index.php?s=index [运行时间：0.025002s][吞吐率：40.00req/s] [内存消耗：1,347.95kb] [文件加载：37]
[ info ] [ LANG ] D:\xampp\htdocs\ImoocNuomi\NuoMiImooc\project\thinkphp\lang\zh-cn.php
[ info ] [ ROUTE ] array (
  'type' => 'module',
  'module' => 
  array (
    0 => 'index',
    1 => NULL,
    2 => NULL,
  ),
)
[ info ] [ HEADER ] array (
  'host' => 'wuyongwei.com',
  'connection' => 'keep-alive',
  'cache-control' => 'max-age=0',
  'upgrade-insecure-requests' => '1',
  'user-agent' => 'Mozilla/5.0 (Windows NT 6.1; Win64; x64) AppleWebKit/537.36 (KHTML, like Gecko) Chrome/57.0.2987.110 Safari/537.36',
  'accept' => 'text/html,application/xhtml+xml,application/xml;q=0.9,image/webp,*/*;q=0.8',
  'accept-encoding' => 'gzip, deflate, sdch',
  'accept-language' => 'zh-CN,zh;q=0.8,en;q=0.6,zh-TW;q=0.4',
)
[ info ] [ PARAM ] array (
)
[ info ] [ RUN ] app\index\controller\Index->index[ D:\xampp\htdocs\ImoocNuomi\NuoMiImooc\project\application\index\controller\Index.php ]
[ info ] [ VIEW ] D:\xampp\htdocs\ImoocNuomi\NuoMiImooc\project\public/../application/index\view\index\index.html [ array (
) ]
[ info ] [ LOG ] INIT File
---------------------------------------------------------------
[ 2017-05-09T10:22:43+08:00 ] 127.0.0.1 127.0.0.1 GET /index.php/index
[ info ] wuyongwei.com/index.php/index [运行时间：0.044002s][吞吐率：22.73req/s] [内存消耗：1,344.66kb] [文件加载：37]
[ info ] [ LANG ] D:\xampp\htdocs\ImoocNuomi\NuoMiImooc\project\thinkphp\lang\zh-cn.php
[ info ] [ ROUTE ] array (
  'type' => 'module',
  'module' => 
  array (
    0 => 'index',
    1 => NULL,
    2 => NULL,
  ),
)
[ info ] [ HEADER ] array (
  'host' => 'wuyongwei.com',
  'connection' => 'keep-alive',
  'upgrade-insecure-requests' => '1',
  'user-agent' => 'Mozilla/5.0 (Windows NT 6.1; Win64; x64) AppleWebKit/537.36 (KHTML, like Gecko) Chrome/57.0.2987.110 Safari/537.36',
  'accept' => 'text/html,application/xhtml+xml,application/xml;q=0.9,image/webp,*/*;q=0.8',
  'accept-encoding' => 'gzip, deflate, sdch',
  'accept-language' => 'zh-CN,zh;q=0.8,en;q=0.6,zh-TW;q=0.4',
)
[ info ] [ PARAM ] array (
)
[ info ] [ RUN ] app\index\controller\Index->index[ D:\xampp\htdocs\ImoocNuomi\NuoMiImooc\project\application\index\controller\Index.php ]
[ info ] [ VIEW ] D:\xampp\htdocs\ImoocNuomi\NuoMiImooc\project\public/../application/index\view\index\index.html [ array (
) ]
[ info ] [ LOG ] INIT File
---------------------------------------------------------------
[ 2017-05-09T10:55:03+08:00 ] 127.0.0.1 127.0.0.1 GET /index.php?s=index
[ info ] wuyongwei.com/index.php?s=index [运行时间：0.033002s][吞吐率：30.30req/s] [内存消耗：1,347.95kb] [文件加载：37]
[ info ] [ LANG ] D:\xampp\htdocs\ImoocNuomi\NuoMiImooc\project\thinkphp\lang\zh-cn.php
[ info ] [ ROUTE ] array (
  'type' => 'module',
  'module' => 
  array (
    0 => 'index',
    1 => NULL,
    2 => NULL,
  ),
)
[ info ] [ HEADER ] array (
  'host' => 'wuyongwei.com',
  'connection' => 'keep-alive',
  'cache-control' => 'max-age=0',
  'upgrade-insecure-requests' => '1',
  'user-agent' => 'Mozilla/5.0 (Windows NT 6.1; Win64; x64) AppleWebKit/537.36 (KHTML, like Gecko) Chrome/57.0.2987.110 Safari/537.36',
  'accept' => 'text/html,application/xhtml+xml,application/xml;q=0.9,image/webp,*/*;q=0.8',
  'accept-encoding' => 'gzip, deflate, sdch',
  'accept-language' => 'zh-CN,zh;q=0.8,en;q=0.6,zh-TW;q=0.4',
)
[ info ] [ PARAM ] array (
)
[ info ] [ RUN ] app\index\controller\Index->index[ D:\xampp\htdocs\ImoocNuomi\NuoMiImooc\project\application\index\controller\Index.php ]
[ info ] [ VIEW ] D:\xampp\htdocs\ImoocNuomi\NuoMiImooc\project\public/../application/index\view\index\index.html [ array (
) ]
[ info ] [ LOG ] INIT File
---------------------------------------------------------------
[ 2017-05-09T10:55:09+08:00 ] 127.0.0.1 127.0.0.1 GET /index.php?s=admin
[ info ] wuyongwei.com/index.php?s=admin [运行时间：0.039002s][吞吐率：25.64req/s] [内存消耗：1,323.83kb] [文件加载：38]
[ info ] [ LANG ] D:\xampp\htdocs\ImoocNuomi\NuoMiImooc\project\thinkphp\lang\zh-cn.php
[ info ] [ ROUTE ] array (
  'type' => 'module',
  'module' => 
  array (
    0 => 'admin',
    1 => NULL,
    2 => NULL,
  ),
)
[ info ] [ HEADER ] array (
  'host' => 'wuyongwei.com',
  'connection' => 'keep-alive',
  'upgrade-insecure-requests' => '1',
  'user-agent' => 'Mozilla/5.0 (Windows NT 6.1; Win64; x64) AppleWebKit/537.36 (KHTML, like Gecko) Chrome/57.0.2987.110 Safari/537.36',
  'accept' => 'text/html,application/xhtml+xml,application/xml;q=0.9,image/webp,*/*;q=0.8',
  'accept-encoding' => 'gzip, deflate, sdch',
  'accept-language' => 'zh-CN,zh;q=0.8,en;q=0.6,zh-TW;q=0.4',
)
[ info ] [ PARAM ] array (
)
[ info ] [ RUN ] app\admin\controller\Index->index[ D:\xampp\htdocs\ImoocNuomi\NuoMiImooc\project\application\admin\controller\Index.php ]
[ info ] [ VIEW ] D:\xampp\htdocs\ImoocNuomi\NuoMiImooc\project\public/../application/admin\view\index\index.html [ array (
) ]
[ info ] [ LOG ] INIT File
---------------------------------------------------------------
[ 2017-05-09T10:55:10+08:00 ] 127.0.0.1 127.0.0.1 GET /index.php/admin/index/welcome.html
[ info ] wuyongwei.com/index.php/admin/index/welcome.html [运行时间：0.048002s][吞吐率：20.83req/s] [内存消耗：1,259.45kb] [文件加载：36]
[ info ] [ LANG ] D:\xampp\htdocs\ImoocNuomi\NuoMiImooc\project\thinkphp\lang\zh-cn.php
[ info ] [ ROUTE ] array (
  'type' => 'module',
  'module' => 
  array (
    0 => 'admin',
    1 => 'index',
    2 => 'welcome',
  ),
)
[ info ] [ HEADER ] array (
  'host' => 'wuyongwei.com',
  'connection' => 'keep-alive',
  'upgrade-insecure-requests' => '1',
  'user-agent' => 'Mozilla/5.0 (Windows NT 6.1; Win64; x64) AppleWebKit/537.36 (KHTML, like Gecko) Chrome/57.0.2987.110 Safari/537.36',
  'accept' => 'text/html,application/xhtml+xml,application/xml;q=0.9,image/webp,*/*;q=0.8',
  'referer' => 'http://wuyongwei.com/index.php?s=admin',
  'accept-encoding' => 'gzip, deflate, sdch',
  'accept-language' => 'zh-CN,zh;q=0.8,en;q=0.6,zh-TW;q=0.4',
)
[ info ] [ PARAM ] array (
)
[ info ] [ RUN ] app\admin\controller\Index->welcome[ D:\xampp\htdocs\ImoocNuomi\NuoMiImooc\project\application\admin\controller\Index.php ]
[ info ] [ LOG ] INIT File
---------------------------------------------------------------
[ 2017-05-09T10:55:12+08:00 ] 127.0.0.1 127.0.0.1 GET /index.php/admin/category/index.html
[ info ] wuyongwei.com/index.php/admin/category/index.html [运行时间：0.066004s][吞吐率：15.15req/s] [内存消耗：1,015.99kb] [文件加载：32]
[ info ] [ LANG ] D:\xampp\htdocs\ImoocNuomi\NuoMiImooc\project\thinkphp\lang\zh-cn.php
[ info ] [ ROUTE ] array (
  'type' => 'module',
  'module' => 
  array (
    0 => 'admin',
    1 => 'category',
    2 => 'index',
  ),
)
[ info ] [ HEADER ] array (
  'host' => 'wuyongwei.com',
  'connection' => 'keep-alive',
  'upgrade-insecure-requests' => '1',
  'user-agent' => 'Mozilla/5.0 (Windows NT 6.1; Win64; x64) AppleWebKit/537.36 (KHTML, like Gecko) Chrome/57.0.2987.110 Safari/537.36',
  'accept' => 'text/html,application/xhtml+xml,application/xml;q=0.9,image/webp,*/*;q=0.8',
  'referer' => 'http://wuyongwei.com/index.php?s=admin',
  'accept-encoding' => 'gzip, deflate, sdch',
  'accept-language' => 'zh-CN,zh;q=0.8,en;q=0.6,zh-TW;q=0.4',
)
[ info ] [ PARAM ] array (
)
[ info ] [ LOG ] INIT File
---------------------------------------------------------------
[ 2017-05-09T11:24:10+08:00 ] 127.0.0.1 127.0.0.1 GET /index.php/admin/category/index.html
[ info ] wuyongwei.com/index.php/admin/category/index.html [运行时间：0.043002s][吞吐率：23.25req/s] [内存消耗：1,016.01kb] [文件加载：32]
[ info ] [ LANG ] D:\xampp\htdocs\ImoocNuomi\NuoMiImooc\project\thinkphp\lang\zh-cn.php
[ info ] [ ROUTE ] array (
  'type' => 'module',
  'module' => 
  array (
    0 => 'admin',
    1 => 'category',
    2 => 'index',
  ),
)
[ info ] [ HEADER ] array (
  'host' => 'wuyongwei.com',
  'connection' => 'keep-alive',
  'upgrade-insecure-requests' => '1',
  'user-agent' => 'Mozilla/5.0 (Windows NT 6.1; Win64; x64) AppleWebKit/537.36 (KHTML, like Gecko) Chrome/57.0.2987.110 Safari/537.36',
  'accept' => 'text/html,application/xhtml+xml,application/xml;q=0.9,image/webp,*/*;q=0.8',
  'referer' => 'http://wuyongwei.com/index.php?s=admin',
  'accept-encoding' => 'gzip, deflate, sdch',
  'accept-language' => 'zh-CN,zh;q=0.8,en;q=0.6,zh-TW;q=0.4',
)
[ info ] [ PARAM ] array (
)
[ info ] [ LOG ] INIT File
